[2015-11-06 00:03:44] /shop/index.php?act=category&op=sd&order=3&count=14 ( act=category&op=sd ) 
ERR: Db Error: Unknown column 'goods_count' in 'where clause'
SELECT * FROM `wteflhvr_ouxiang`.`shopnc_store` WHERE ( goods_count = '14' ) AND ( store_state = '1' ) AND ( grade_id = '3' ) ORDER BY store_id desc LIMIT 16  
[2015-11-06 00:24:04] /shop/index.php?act=category&op=sd&count=45 ( act=category&op=sd ) 
ERR: Db Error: Unknown column 'goods_count' in 'where clause'
SELECT * FROM `wteflhvr_ouxiang`.`shopnc_store` WHERE ( goods_count = '45' ) AND ( store_state = '1' ) AND ( grade_id = '3' ) ORDER BY store_id desc LIMIT 16  
[2015-11-06 00:25:31] /shop/index.php?act=category&op=sd&order=3&count=56 ( act=category&op=sd ) 
ERR: Db Error: Unknown column 'goods_count' in 'where clause'
SELECT * FROM `wteflhvr_ouxiang`.`shopnc_store` WHERE ( goods_count = '56' ) AND ( store_state = '1' ) AND ( grade_id = '3' ) ORDER BY store_id desc LIMIT 16  
[2015-11-06 00:38:00] /shop/index.php?act=category&op=sd&count=20&order=1 ( act=category&op=sd ) 
ERR: Db Error: Unknown column 'goods_count' in 'where clause'
SELECT * FROM `wteflhvr_ouxiang`.`shopnc_store` WHERE ( goods_count = '20' ) AND ( store_state = '1' ) AND ( grade_id = '3' ) ORDER BY store_id desc LIMIT 16  
[2015-11-06 00:43:56] /shop/index.php?act=category&op=sd&count=20&order=2 ( act=category&op=sd ) 
ERR: Db Error: Unknown column 'goods_count' in 'where clause'
SELECT * FROM `wteflhvr_ouxiang`.`shopnc_store` WHERE ( goods_count = '20' ) AND ( store_state = '1' ) AND ( grade_id = '3' ) ORDER BY store_id desc LIMIT 16  
[2015-11-06 00:50:08] /shop/index.php?act=category&op=sd&count=20&order=3 ( act=category&op=sd ) 
ERR: Db Error: Unknown column 'goods_count' in 'where clause'
SELECT * FROM `wteflhvr_ouxiang`.`shopnc_store` WHERE ( goods_count = '20' ) AND ( store_state = '1' ) AND ( grade_id = '3' ) ORDER BY store_id desc LIMIT 16  
[2015-11-06 01:02:14] /shop/index.php?act=category&op=sd&count=17&order=1 ( act=category&op=sd ) 
ERR: Db Error: Unknown column 'goods_count' in 'where clause'
SELECT * FROM `wteflhvr_ouxiang`.`shopnc_store` WHERE ( goods_count = '17' ) AND ( store_state = '1' ) AND ( grade_id = '3' ) ORDER BY store_id desc LIMIT 16  
[2015-11-06 01:05:13] /shop/index.php?act=category&op=sd&count=17&order=4 ( act=category&op=sd ) 
ERR: Db Error: Unknown column 'goods_count' in 'where clause'
SELECT * FROM `wteflhvr_ouxiang`.`shopnc_store` WHERE ( goods_count = '17' ) AND ( store_state = '1' ) AND ( grade_id = '3' ) ORDER BY store_id desc LIMIT 16  
[2015-11-06 01:30:18] /shop/index.php?act=category&op=sd&order=3&count=35 ( act=category&op=sd ) 
ERR: Db Error: Unknown column 'goods_count' in 'where clause'
SELECT * FROM `wteflhvr_ouxiang`.`shopnc_store` WHERE ( goods_count = '35' ) AND ( store_state = '1' ) AND ( grade_id = '3' ) ORDER BY store_id desc LIMIT 16  
[2015-11-06 02:30:17] /shop/index.php?act=category&op=sd&count=14&order=1 ( act=category&op=sd ) 
ERR: Db Error: Unknown column 'goods_count' in 'where clause'
SELECT * FROM `wteflhvr_ouxiang`.`shopnc_store` WHERE ( goods_count = '14' ) AND ( store_state = '1' ) AND ( grade_id = '3' ) ORDER BY store_id desc LIMIT 16  
[2015-11-06 02:39:22] /shop/index.php?act=category&op=sd&count=45 ( act=category&op=sd ) 
ERR: Db Error: Unknown column 'goods_count' in 'where clause'
SELECT * FROM `wteflhvr_ouxiang`.`shopnc_store` WHERE ( goods_count = '45' ) AND ( store_state = '1' ) AND ( grade_id = '3' ) ORDER BY store_id desc LIMIT 16  
[2015-11-06 02:39:55] /shop/index.php?act=category&op=sd&count=49 ( act=category&op=sd ) 
ERR: Db Error: Unknown column 'goods_count' in 'where clause'
SELECT * FROM `wteflhvr_ouxiang`.`shopnc_store` WHERE ( goods_count = '49' ) AND ( store_state = '1' ) AND ( grade_id = '3' ) ORDER BY store_id desc LIMIT 16  
[2015-11-06 02:49:22] /shop/index.php?act=category&op=sd&count=14 ( act=category&op=sd ) 
ERR: Db Error: Unknown column 'goods_count' in 'where clause'
SELECT * FROM `wteflhvr_ouxiang`.`shopnc_store` WHERE ( goods_count = '14' ) AND ( store_state = '1' ) AND ( grade_id = '3' ) ORDER BY store_id desc LIMIT 16  
[2015-11-06 02:52:32] /shop/index.php?act=category&op=sd&count=1 ( act=category&op=sd ) 
ERR: Db Error: Unknown column 'goods_count' in 'where clause'
SELECT * FROM `wteflhvr_ouxiang`.`shopnc_store` WHERE ( goods_count = '1' ) AND ( store_state = '1' ) AND ( grade_id = '3' ) ORDER BY store_id desc LIMIT 16  
[2015-11-06 02:58:49] /shop/index.php?act=category&op=daigou&count=45 ( act=category&op=daigou ) 
ERR: Db Error: Unknown column 'goods_count' in 'where clause'
SELECT * FROM `wteflhvr_ouxiang`.`shopnc_store` WHERE ( goods_count = '45' ) AND ( store_state = '1' ) AND ( grade_id = '2' ) ORDER BY store_id desc LIMIT 16  
[2015-11-06 03:01:57] /shop/index.php?act=category&op=sd&count=20 ( act=category&op=sd ) 
ERR: Db Error: Unknown column 'goods_count' in 'where clause'
SELECT * FROM `wteflhvr_ouxiang`.`shopnc_store` WHERE ( goods_count = '20' ) AND ( store_state = '1' ) AND ( grade_id = '3' ) ORDER BY store_id desc LIMIT 16  
[2015-11-06 03:11:25] /shop/index.php?act=category&op=daigou&count=4 ( act=category&op=daigou ) 
ERR: Db Error: Unknown column 'goods_count' in 'where clause'
SELECT * FROM `wteflhvr_ouxiang`.`shopnc_store` WHERE ( goods_count = '4' ) AND ( store_state = '1' ) AND ( grade_id = '2' ) ORDER BY store_id desc LIMIT 16  
[2015-11-06 03:16:33] /shop/index.php?act=category&op=daigou&count=36 ( act=category&op=daigou ) 
ERR: Db Error: Unknown column 'goods_count' in 'where clause'
SELECT * FROM `wteflhvr_ouxiang`.`shopnc_store` WHERE ( goods_count = '36' ) AND ( store_state = '1' ) AND ( grade_id = '2' ) ORDER BY store_id desc LIMIT 16  
[2015-11-06 03:20:51] /shop/index.php?act=category&op=daigou&stype=1&count=23 ( act=category&op=daigou ) 
ERR: Db Error: Unknown column 'goods_count' in 'where clause'
SELECT * FROM `wteflhvr_ouxiang`.`shopnc_store` WHERE ( goods_count = '23' ) AND ( store_state = '1' ) AND ( grade_id = '2' ) ORDER BY store_id desc LIMIT 16  
[2015-11-06 03:44:41] /shop/index.php?act=category&op=sd&count=13 ( act=category&op=sd ) 
ERR: Db Error: Unknown column 'goods_count' in 'where clause'
SELECT * FROM `wteflhvr_ouxiang`.`shopnc_store` WHERE ( goods_count = '13' ) AND ( store_state = '1' ) AND ( grade_id = '3' ) ORDER BY store_id desc LIMIT 16  
[2015-11-06 03:52:21] /shop/index.php?act=category&op=sd&count=10 ( act=category&op=sd ) 
ERR: Db Error: Unknown column 'goods_count' in 'where clause'
SELECT * FROM `wteflhvr_ouxiang`.`shopnc_store` WHERE ( goods_count = '10' ) AND ( store_state = '1' ) AND ( grade_id = '3' ) ORDER BY store_id desc LIMIT 16  
[2015-11-06 03:58:39] /shop/index.php?act=category&op=sd&count=56 ( act=category&op=sd ) 
ERR: Db Error: Unknown column 'goods_count' in 'where clause'
SELECT * FROM `wteflhvr_ouxiang`.`shopnc_store` WHERE ( goods_count = '56' ) AND ( store_state = '1' ) AND ( grade_id = '3' ) ORDER BY store_id desc LIMIT 16  
[2015-11-06 05:01:39] /shop/index.php?act=category&op=daigou&stype=1&count=3 ( act=category&op=daigou ) 
ERR: Db Error: Unknown column 'goods_count' in 'where clause'
SELECT * FROM `wteflhvr_ouxiang`.`shopnc_store` WHERE ( goods_count = '3' ) AND ( store_state = '1' ) AND ( grade_id = '2' ) ORDER BY store_id desc LIMIT 16  
[2015-11-06 05:14:15] /shop/index.php?act=category&op=daigou&stype=1&count=49 ( act=category&op=daigou ) 
ERR: Db Error: Unknown column 'goods_count' in 'where clause'
SELECT * FROM `wteflhvr_ouxiang`.`shopnc_store` WHERE ( goods_count = '49' ) AND ( store_state = '1' ) AND ( grade_id = '2' ) ORDER BY store_id desc LIMIT 16  
[2015-11-06 06:13:50] /shop/index.php?act=category&count=45&op=daigou ( act=category&op=daigou ) 
ERR: Db Error: Unknown column 'goods_count' in 'where clause'
SELECT * FROM `wteflhvr_ouxiang`.`shopnc_store` WHERE ( goods_count = '45' ) AND ( store_state = '1' ) AND ( grade_id = '2' ) ORDER BY store_id desc LIMIT 16  
[2015-11-06 06:25:28] /shop/index.php?act=category&count=4&op=daigou ( act=category&op=daigou ) 
ERR: Db Error: Unknown column 'goods_count' in 'where clause'
SELECT * FROM `wteflhvr_ouxiang`.`shopnc_store` WHERE ( goods_count = '4' ) AND ( store_state = '1' ) AND ( grade_id = '2' ) ORDER BY store_id desc LIMIT 16  
[2015-11-06 06:54:55] /shop/index.php?act=category&op=sd&count=45 ( act=category&op=sd ) 
ERR: Db Error: Unknown column 'goods_count' in 'where clause'
SELECT * FROM `wteflhvr_ouxiang`.`shopnc_store` WHERE ( goods_count = '45' ) AND ( store_state = '1' ) AND ( grade_id = '3' ) ORDER BY store_id desc LIMIT 16  
[2015-11-06 06:57:52] /shop/index.php?act=category&op=sd&count=49 ( act=category&op=sd ) 
ERR: Db Error: Unknown column 'goods_count' in 'where clause'
SELECT * FROM `wteflhvr_ouxiang`.`shopnc_store` WHERE ( goods_count = '49' ) AND ( store_state = '1' ) AND ( grade_id = '3' ) ORDER BY store_id desc LIMIT 16  
[2015-11-06 06:58:12] /shop/index.php?act=category&op=sd&count=54 ( act=category&op=sd ) 
ERR: Db Error: Unknown column 'goods_count' in 'where clause'
SELECT * FROM `wteflhvr_ouxiang`.`shopnc_store` WHERE ( goods_count = '54' ) AND ( store_state = '1' ) AND ( grade_id = '3' ) ORDER BY store_id desc LIMIT 16  
[2015-11-06 07:01:02] /shop/index.php?act=category&op=sd&count=14 ( act=category&op=sd ) 
ERR: Db Error: Unknown column 'goods_count' in 'where clause'
SELECT * FROM `wteflhvr_ouxiang`.`shopnc_store` WHERE ( goods_count = '14' ) AND ( store_state = '1' ) AND ( grade_id = '3' ) ORDER BY store_id desc LIMIT 16  
[2015-11-06 07:04:12] /shop/index.php?act=category&op=sd&count=1 ( act=category&op=sd ) 
ERR: Db Error: Unknown column 'goods_count' in 'where clause'
SELECT * FROM `wteflhvr_ouxiang`.`shopnc_store` WHERE ( goods_count = '1' ) AND ( store_state = '1' ) AND ( grade_id = '3' ) ORDER BY store_id desc LIMIT 16  
[2015-11-06 07:07:13] /shop/index.php?act=category&op=sd&count=20 ( act=category&op=sd ) 
ERR: Db Error: Unknown column 'goods_count' in 'where clause'
SELECT * FROM `wteflhvr_ouxiang`.`shopnc_store` WHERE ( goods_count = '20' ) AND ( store_state = '1' ) AND ( grade_id = '3' ) ORDER BY store_id desc LIMIT 16  
[2015-11-06 07:16:31] /shop/index.php?act=category&op=sd&count=10 ( act=category&op=sd ) 
ERR: Db Error: Unknown column 'goods_count' in 'where clause'
SELECT * FROM `wteflhvr_ouxiang`.`shopnc_store` WHERE ( goods_count = '10' ) AND ( store_state = '1' ) AND ( grade_id = '3' ) ORDER BY store_id desc LIMIT 16  
[2015-11-06 07:19:42] /shop/index.php?act=category&op=sd&count=56 ( act=category&op=sd ) 
ERR: Db Error: Unknown column 'goods_count' in 'where clause'
SELECT * FROM `wteflhvr_ouxiang`.`shopnc_store` WHERE ( goods_count = '56' ) AND ( store_state = '1' ) AND ( grade_id = '3' ) ORDER BY store_id desc LIMIT 16  
[2015-11-06 07:30:17] /shop/index.php?act=category&op=sd&order=4&count=23 ( act=category&op=sd ) 
ERR: Db Error: Unknown column 'goods_count' in 'where clause'
SELECT * FROM `wteflhvr_ouxiang`.`shopnc_store` WHERE ( goods_count = '23' ) AND ( store_state = '1' ) AND ( grade_id = '3' ) ORDER BY store_id desc LIMIT 16  
[2015-11-06 08:24:24] /shop/index.php?act=category&op=sd&count=13 ( act=category&op=sd ) 
ERR: Db Error: Unknown column 'goods_count' in 'where clause'
SELECT * FROM `wteflhvr_ouxiang`.`shopnc_store` WHERE ( goods_count = '13' ) AND ( store_state = '1' ) AND ( grade_id = '3' ) ORDER BY store_id desc LIMIT 16  
[2015-11-06 08:30:38] /shop/index.php?act=category&op=daigou&count=1 ( act=category&op=daigou ) 
ERR: Db Error: Unknown column 'goods_count' in 'where clause'
SELECT * FROM `wteflhvr_ouxiang`.`shopnc_store` WHERE ( goods_count = '1' ) AND ( store_state = '1' ) AND ( grade_id = '2' ) ORDER BY store_id desc LIMIT 16  
[2015-11-06 08:35:16] /shop/index.php?act=category&op=sd&count=3 ( act=category&op=sd ) 
ERR: Db Error: Unknown column 'goods_count' in 'where clause'
SELECT * FROM `wteflhvr_ouxiang`.`shopnc_store` WHERE ( goods_count = '3' ) AND ( store_state = '1' ) AND ( grade_id = '3' ) ORDER BY store_id desc LIMIT 16  
[2015-11-06 08:49:15] /shop/index.php?act=category&op=sd&count=54 ( act=category&op=sd ) 
ERR: Db Error: Unknown column 'goods_count' in 'where clause'
SELECT * FROM `wteflhvr_ouxiang`.`shopnc_store` WHERE ( goods_count = '54' ) AND ( store_state = '1' ) AND ( grade_id = '3' ) ORDER BY store_id desc LIMIT 16  
[2015-11-06 09:16:47] /shop/index.php?act=category&op=sd&count=23 ( act=category&op=sd ) 
ERR: Db Error: Unknown column 'goods_count' in 'where clause'
SELECT * FROM `wteflhvr_ouxiang`.`shopnc_store` WHERE ( goods_count = '23' ) AND ( store_state = '1' ) AND ( grade_id = '3' ) ORDER BY store_id desc LIMIT 16  
[2015-11-06 09:16:57] /shop/index.php?act=category&op=sd&count=35 ( act=category&op=sd ) 
ERR: Db Error: Unknown column 'goods_count' in 'where clause'
SELECT * FROM `wteflhvr_ouxiang`.`shopnc_store` WHERE ( goods_count = '35' ) AND ( store_state = '1' ) AND ( grade_id = '3' ) ORDER BY store_id desc LIMIT 16  
[2015-11-06 09:19:51] /shop/index.php?act=category&op=sd&count=45 ( act=category&op=sd ) 
ERR: Db Error: Unknown column 'goods_count' in 'where clause'
SELECT * FROM `wteflhvr_ouxiang`.`shopnc_store` WHERE ( goods_count = '45' ) AND ( store_state = '1' ) AND ( grade_id = '3' ) ORDER BY store_id desc LIMIT 16  
[2015-11-06 09:37:55] /shop/index.php?act=category&op=sd&count=56 ( act=category&op=sd ) 
ERR: Db Error: Unknown column 'goods_count' in 'where clause'
SELECT * FROM `wteflhvr_ouxiang`.`shopnc_store` WHERE ( goods_count = '56' ) AND ( store_state = '1' ) AND ( grade_id = '3' ) ORDER BY store_id desc LIMIT 16  
[2015-11-06 09:58:54] /shop/index.php?act=category&op=sd&count=13 ( act=category&op=sd ) 
ERR: Db Error: Unknown column 'goods_count' in 'where clause'
SELECT * FROM `wteflhvr_ouxiang`.`shopnc_store` WHERE ( goods_count = '13' ) AND ( store_state = '1' ) AND ( grade_id = '3' ) ORDER BY store_id desc LIMIT 16  
[2015-11-06 11:13:13] /shop/index.php?act=category&op=sd&count=45 ( act=category&op=sd ) 
ERR: Db Error: Unknown column 'goods_count' in 'where clause'
SELECT * FROM `wteflhvr_ouxiang`.`shopnc_store` WHERE ( goods_count = '45' ) AND ( store_state = '1' ) AND ( grade_id = '3' ) ORDER BY store_id desc LIMIT 16  
[2015-11-06 11:23:04] /shop/index.php?act=category&op=sd&count=2 ( act=category&op=sd ) 
ERR: Db Error: Unknown column 'goods_count' in 'where clause'
SELECT * FROM `wteflhvr_ouxiang`.`shopnc_store` WHERE ( goods_count = '2' ) AND ( store_state = '1' ) AND ( grade_id = '3' ) ORDER BY store_id desc LIMIT 16  
[2015-11-06 11:30:38] /shop/index.php?act=category&op=sd&count=17 ( act=category&op=sd ) 
ERR: Db Error: Unknown column 'goods_count' in 'where clause'
SELECT * FROM `wteflhvr_ouxiang`.`shopnc_store` WHERE ( goods_count = '17' ) AND ( store_state = '1' ) AND ( grade_id = '3' ) ORDER BY store_id desc LIMIT 16  
[2015-11-06 11:34:26] /shop/index.php?act=category&op=sd&count=3 ( act=category&op=sd ) 
ERR: Db Error: Unknown column 'goods_count' in 'where clause'
SELECT * FROM `wteflhvr_ouxiang`.`shopnc_store` WHERE ( goods_count = '3' ) AND ( store_state = '1' ) AND ( grade_id = '3' ) ORDER BY store_id desc LIMIT 16  
[2015-11-06 11:41:27] /shop/index.php?act=category&op=sd&count=2 ( act=category&op=sd ) 
ERR: Db Error: Unknown column 'goods_count' in 'where clause'
SELECT * FROM `wteflhvr_ouxiang`.`shopnc_store` WHERE ( goods_count = '2' ) AND ( store_state = '1' ) AND ( grade_id = '3' ) ORDER BY store_id desc LIMIT 16  
[2015-11-06 11:47:42] /shop/index.php?act=category&op=sd&count=3 ( act=category&op=sd ) 
ERR: Db Error: Unknown column 'goods_count' in 'where clause'
SELECT * FROM `wteflhvr_ouxiang`.`shopnc_store` WHERE ( goods_count = '3' ) AND ( store_state = '1' ) AND ( grade_id = '3' ) ORDER BY store_id desc LIMIT 16  
[2015-11-06 12:04:29] /shop/index.php?act=category&op=sd&count=36 ( act=category&op=sd ) 
ERR: Db Error: Unknown column 'goods_count' in 'where clause'
SELECT * FROM `wteflhvr_ouxiang`.`shopnc_store` WHERE ( goods_count = '36' ) AND ( store_state = '1' ) AND ( grade_id = '3' ) ORDER BY store_id desc LIMIT 16  
[2015-11-06 12:08:28] /shop/index.php?act=category&op=sd&count=16 ( act=category&op=sd ) 
ERR: Db Error: Unknown column 'goods_count' in 'where clause'
SELECT * FROM `wteflhvr_ouxiang`.`shopnc_store` WHERE ( goods_count = '16' ) AND ( store_state = '1' ) AND ( grade_id = '3' ) ORDER BY store_id desc LIMIT 16  
[2015-11-06 12:09:04] /shop/index.php?act=category&op=sd&count=13 ( act=category&op=sd ) 
ERR: Db Error: Unknown column 'goods_count' in 'where clause'
SELECT * FROM `wteflhvr_ouxiang`.`shopnc_store` WHERE ( goods_count = '13' ) AND ( store_state = '1' ) AND ( grade_id = '3' ) ORDER BY store_id desc LIMIT 16  
[2015-11-06 12:11:50] /shop/index.php?act=category&op=sd&count=13&order=4 ( act=category&op=sd ) 
ERR: Db Error: Unknown column 'goods_count' in 'where clause'
SELECT * FROM `wteflhvr_ouxiang`.`shopnc_store` WHERE ( goods_count = '13' ) AND ( store_state = '1' ) AND ( grade_id = '3' ) ORDER BY store_id desc LIMIT 16  
[2015-11-06 12:12:44] /shop/index.php?act=category&op=sd&count=13&order=2 ( act=category&op=sd ) 
ERR: Db Error: Unknown column 'goods_count' in 'where clause'
SELECT * FROM `wteflhvr_ouxiang`.`shopnc_store` WHERE ( goods_count = '13' ) AND ( store_state = '1' ) AND ( grade_id = '3' ) ORDER BY store_id desc LIMIT 16  
[2015-11-06 12:13:54] /shop/index.php?act=category&op=sd&count=13&order=1 ( act=category&op=sd ) 
ERR: Db Error: Unknown column 'goods_count' in 'where clause'
SELECT * FROM `wteflhvr_ouxiang`.`shopnc_store` WHERE ( goods_count = '13' ) AND ( store_state = '1' ) AND ( grade_id = '3' ) ORDER BY store_id desc LIMIT 16  
[2015-11-06 12:14:50] /shop/index.php?act=category&op=sd&count=13&order=3 ( act=category&op=sd ) 
ERR: Db Error: Unknown column 'goods_count' in 'where clause'
SELECT * FROM `wteflhvr_ouxiang`.`shopnc_store` WHERE ( goods_count = '13' ) AND ( store_state = '1' ) AND ( grade_id = '3' ) ORDER BY store_id desc LIMIT 16  
[2015-11-06 12:30:33] /shop/index.php?act=category&op=sd&count=16 ( act=category&op=sd ) 
ERR: Db Error: Unknown column 'goods_count' in 'where clause'
SELECT * FROM `wteflhvr_ouxiang`.`shopnc_store` WHERE ( goods_count = '16' ) AND ( store_state = '1' ) AND ( grade_id = '3' ) ORDER BY store_id desc LIMIT 16  
[2015-11-06 12:33:46] /shop/index.php?act=category&op=sd&count=23 ( act=category&op=sd ) 
ERR: Db Error: Unknown column 'goods_count' in 'where clause'
SELECT * FROM `wteflhvr_ouxiang`.`shopnc_store` WHERE ( goods_count = '23' ) AND ( store_state = '1' ) AND ( grade_id = '3' ) ORDER BY store_id desc LIMIT 16  
[2015-11-06 12:46:02] /shop/index.php?act=category&op=sd&count=4 ( act=category&op=sd ) 
ERR: Db Error: Unknown column 'goods_count' in 'where clause'
SELECT * FROM `wteflhvr_ouxiang`.`shopnc_store` WHERE ( goods_count = '4' ) AND ( store_state = '1' ) AND ( grade_id = '3' ) ORDER BY store_id desc LIMIT 16  
[2015-11-06 14:09:47] /shop/index.php?act=category&op=sd&count=13 ( act=category&op=sd ) 
ERR: Db Error: Unknown column 'goods_count' in 'where clause'
SELECT * FROM `wteflhvr_ouxiang`.`shopnc_store` WHERE ( goods_count = '13' ) AND ( store_state = '1' ) AND ( grade_id = '3' ) ORDER BY store_id desc LIMIT 16  
[2015-11-06 14:28:02] /shop/index.php?act=category&op=sd&count=17 ( act=category&op=sd ) 
ERR: Db Error: Unknown column 'goods_count' in 'where clause'
SELECT * FROM `wteflhvr_ouxiang`.`shopnc_store` WHERE ( goods_count = '17' ) AND ( store_state = '1' ) AND ( grade_id = '3' ) ORDER BY store_id desc LIMIT 16  
[2015-11-06 14:49:22] /shop/index.php?act=category&op=sd&count=1 ( act=category&op=sd ) 
ERR: Db Error: Unknown column 'goods_count' in 'where clause'
SELECT * FROM `wteflhvr_ouxiang`.`shopnc_store` WHERE ( goods_count = '1' ) AND ( store_state = '1' ) AND ( grade_id = '3' ) ORDER BY store_id desc LIMIT 16  
[2015-11-06 14:52:32] /shop/index.php?act=category&op=sd&count=20 ( act=category&op=sd ) 
ERR: Db Error: Unknown column 'goods_count' in 'where clause'
SELECT * FROM `wteflhvr_ouxiang`.`shopnc_store` WHERE ( goods_count = '20' ) AND ( store_state = '1' ) AND ( grade_id = '3' ) ORDER BY store_id desc LIMIT 16  
[2015-11-06 14:58:32] /shop/index.php?act=category&op=sd&count=49 ( act=category&op=sd ) 
ERR: Db Error: Unknown column 'goods_count' in 'where clause'
SELECT * FROM `wteflhvr_ouxiang`.`shopnc_store` WHERE ( goods_count = '49' ) AND ( store_state = '1' ) AND ( grade_id = '3' ) ORDER BY store_id desc LIMIT 16  
[2015-11-06 15:01:42] /shop/index.php?act=category&op=sd&count=14 ( act=category&op=sd ) 
ERR: Db Error: Unknown column 'goods_count' in 'where clause'
SELECT * FROM `wteflhvr_ouxiang`.`shopnc_store` WHERE ( goods_count = '14' ) AND ( store_state = '1' ) AND ( grade_id = '3' ) ORDER BY store_id desc LIMIT 16  
[2015-11-06 15:04:43] /shop/index.php?act=category&op=sd&count=10 ( act=category&op=sd ) 
ERR: Db Error: Unknown column 'goods_count' in 'where clause'
SELECT * FROM `wteflhvr_ouxiang`.`shopnc_store` WHERE ( goods_count = '10' ) AND ( store_state = '1' ) AND ( grade_id = '3' ) ORDER BY store_id desc LIMIT 16  
[2015-11-06 15:07:44] /shop/index.php?act=category&op=sd&count=56 ( act=category&op=sd ) 
ERR: Db Error: Unknown column 'goods_count' in 'where clause'
SELECT * FROM `wteflhvr_ouxiang`.`shopnc_store` WHERE ( goods_count = '56' ) AND ( store_state = '1' ) AND ( grade_id = '3' ) ORDER BY store_id desc LIMIT 16  
[2015-11-06 15:32:23] /shop/index.php?act=category&op=sd&count=45 ( act=category&op=sd ) 
ERR: Db Error: Unknown column 'goods_count' in 'where clause'
SELECT * FROM `wteflhvr_ouxiang`.`shopnc_store` WHERE ( goods_count = '45' ) AND ( store_state = '1' ) AND ( grade_id = '3' ) ORDER BY store_id desc LIMIT 16  
[2015-11-06 15:53:42] /shop/index.php?act=category&op=sd&count=13 ( act=category&op=sd ) 
ERR: Db Error: Unknown column 'goods_count' in 'where clause'
SELECT * FROM `wteflhvr_ouxiang`.`shopnc_store` WHERE ( goods_count = '13' ) AND ( store_state = '1' ) AND ( grade_id = '3' ) ORDER BY store_id desc LIMIT 16  
[2015-11-06 15:54:49] /shop/index.php?act=category&op=sd&count=7 ( act=category&op=sd ) 
ERR: Db Error: Unknown column 'goods_count' in 'where clause'
SELECT * FROM `wteflhvr_ouxiang`.`shopnc_store` WHERE ( goods_count = '7' ) AND ( store_state = '1' ) AND ( grade_id = '3' ) ORDER BY store_id desc LIMIT 16  
[2015-11-06 18:01:20] /shop/index.php?act=category&op=sd&count=10 ( act=category&op=sd ) 
ERR: Db Error: Unknown column 'goods_count' in 'where clause'
SELECT * FROM `wteflhvr_ouxiang`.`shopnc_store` WHERE ( goods_count = '10' ) AND ( store_state = '1' ) AND ( grade_id = '3' ) ORDER BY store_id desc LIMIT 16  
[2015-11-06 18:03:00] /shop/index.php?act=category&op=sd&count=56 ( act=category&op=sd ) 
ERR: Db Error: Unknown column 'goods_count' in 'where clause'
SELECT * FROM `wteflhvr_ouxiang`.`shopnc_store` WHERE ( goods_count = '56' ) AND ( store_state = '1' ) AND ( grade_id = '3' ) ORDER BY store_id desc LIMIT 16  
[2015-11-06 19:19:50] /shop/index.php?act=category&op=sd&count=4 ( act=category&op=sd ) 
ERR: Db Error: Unknown column 'goods_count' in 'where clause'
SELECT * FROM `wteflhvr_ouxiang`.`shopnc_store` WHERE ( goods_count = '4' ) AND ( store_state = '1' ) AND ( grade_id = '3' ) ORDER BY store_id desc LIMIT 16  
[2015-11-06 19:56:11] /shop/index.php?act=category&op=sd&count=2 ( act=category&op=sd ) 
ERR: Db Error: Unknown column 'goods_count' in 'where clause'
SELECT * FROM `wteflhvr_ouxiang`.`shopnc_store` WHERE ( goods_count = '2' ) AND ( store_state = '1' ) AND ( grade_id = '3' ) ORDER BY store_id desc LIMIT 16  
[2015-11-06 20:05:26] /shop/index.php?act=category&op=sd&count=10 ( act=category&op=sd ) 
ERR: Db Error: Unknown column 'goods_count' in 'where clause'
SELECT * FROM `wteflhvr_ouxiang`.`shopnc_store` WHERE ( goods_count = '10' ) AND ( store_state = '1' ) AND ( grade_id = '3' ) ORDER BY store_id desc LIMIT 16  
[2015-11-06 20:11:49] /shop/index.php?act=category&op=sd&count=56 ( act=category&op=sd ) 
ERR: Db Error: Unknown column 'goods_count' in 'where clause'
SELECT * FROM `wteflhvr_ouxiang`.`shopnc_store` WHERE ( goods_count = '56' ) AND ( store_state = '1' ) AND ( grade_id = '3' ) ORDER BY store_id desc LIMIT 16  
[2015-11-06 21:05:35] /shop/index.php?act=category&op=sd&count=10 ( act=category&op=sd ) 
ERR: Db Error: Unknown column 'goods_count' in 'where clause'
SELECT * FROM `wteflhvr_ouxiang`.`shopnc_store` WHERE ( goods_count = '10' ) AND ( store_state = '1' ) AND ( grade_id = '3' ) ORDER BY store_id desc LIMIT 16  
[2015-11-06 21:41:43] /shop/index.php?act=category&op=sd&count=16 ( act=category&op=sd ) 
ERR: Db Error: Unknown column 'goods_count' in 'where clause'
SELECT * FROM `wteflhvr_ouxiang`.`shopnc_store` WHERE ( goods_count = '16' ) AND ( store_state = '1' ) AND ( grade_id = '3' ) ORDER BY store_id desc LIMIT 16  
[2015-11-06 21:57:13] /shop/index.php?act=category&op=sd&count=10 ( act=category&op=sd ) 
ERR: Db Error: Unknown column 'goods_count' in 'where clause'
SELECT * FROM `wteflhvr_ouxiang`.`shopnc_store` WHERE ( goods_count = '10' ) AND ( store_state = '1' ) AND ( grade_id = '3' ) ORDER BY store_id desc LIMIT 16  
[2015-11-06 22:00:22] /shop/index.php?act=category&op=sd&count=56 ( act=category&op=sd ) 
ERR: Db Error: Unknown column 'goods_count' in 'where clause'
SELECT * FROM `wteflhvr_ouxiang`.`shopnc_store` WHERE ( goods_count = '56' ) AND ( store_state = '1' ) AND ( grade_id = '3' ) ORDER BY store_id desc LIMIT 16  
[2015-11-06 22:15:49] /shop/index.php?act=category&op=sd&count=17 ( act=category&op=sd ) 
ERR: Db Error: Unknown column 'goods_count' in 'where clause'
SELECT * FROM `wteflhvr_ouxiang`.`shopnc_store` WHERE ( goods_count = '17' ) AND ( store_state = '1' ) AND ( grade_id = '3' ) ORDER BY store_id desc LIMIT 16  
