[2015-10-29 00:26:31] /shop/index.php?act=category&op=daigou&count=3 ( act=category&op=daigou ) 
ERR: Db Error: Unknown column 'goods_count' in 'where clause'
SELECT * FROM `wteflhvr_ouxiang`.`shopnc_store` WHERE ( goods_count = '3' ) AND ( store_state = '1' ) AND ( grade_id = '2' ) ORDER BY store_id desc LIMIT 16  
[2015-10-29 01:18:53] /shop/index.php?act=category&op=daigou&count=4&keyword=&order=4 ( act=category&op=daigou ) 
ERR: Db Error: Unknown column 'goods_count' in 'where clause'
SELECT * FROM `wteflhvr_ouxiang`.`shopnc_store` WHERE ( goods_count = '4' ) AND ( store_state = '1' ) AND ( grade_id = '2' ) ORDER BY store_id desc LIMIT 16  
[2015-10-29 01:23:04] /shop/index.php?act=category&op=daigou&count=54&keyword= ( act=category&op=daigou ) 
ERR: Db Error: Unknown column 'goods_count' in 'where clause'
SELECT * FROM `wteflhvr_ouxiang`.`shopnc_store` WHERE ( goods_count = '54' ) AND ( store_state = '1' ) AND ( grade_id = '2' ) ORDER BY store_id desc LIMIT 16  
[2015-10-29 01:27:14] /shop/index.php?act=category&op=daigou&count=2&keyword= ( act=category&op=daigou ) 
ERR: Db Error: Unknown column 'goods_count' in 'where clause'
SELECT * FROM `wteflhvr_ouxiang`.`shopnc_store` WHERE ( goods_count = '2' ) AND ( store_state = '1' ) AND ( grade_id = '2' ) ORDER BY store_id desc LIMIT 16  
[2015-10-29 01:28:08] /shop/index.php?act=category&op=daigou&count=49&keyword= ( act=category&op=daigou ) 
ERR: Db Error: Unknown column 'goods_count' in 'where clause'
SELECT * FROM `wteflhvr_ouxiang`.`shopnc_store` WHERE ( goods_count = '49' ) AND ( store_state = '1' ) AND ( grade_id = '2' ) ORDER BY store_id desc LIMIT 16  
[2015-10-29 01:35:07] /shop/index.php?act=category&op=daigou&count=7&keyword= ( act=category&op=daigou ) 
ERR: Db Error: Unknown column 'goods_count' in 'where clause'
SELECT * FROM `wteflhvr_ouxiang`.`shopnc_store` WHERE ( goods_count = '7' ) AND ( store_state = '1' ) AND ( grade_id = '2' ) ORDER BY store_id desc LIMIT 16  
[2015-10-29 01:35:32] /shop/index.php?act=category&op=daigou&count=4&keyword=&order=2 ( act=category&op=daigou ) 
ERR: Db Error: Unknown column 'goods_count' in 'where clause'
SELECT * FROM `wteflhvr_ouxiang`.`shopnc_store` WHERE ( goods_count = '4' ) AND ( store_state = '1' ) AND ( grade_id = '2' ) ORDER BY store_id desc LIMIT 16  
[2015-10-29 01:44:33] /shop/index.php?act=category&op=daigou&count=4&keyword=&order=1 ( act=category&op=daigou ) 
ERR: Db Error: Unknown column 'goods_count' in 'where clause'
SELECT * FROM `wteflhvr_ouxiang`.`shopnc_store` WHERE ( goods_count = '4' ) AND ( store_state = '1' ) AND ( grade_id = '2' ) ORDER BY store_id desc LIMIT 16  
[2015-10-29 02:09:03] /shop/index.php?act=category&op=daigou&count=29&keyword=&order=1 ( act=category&op=daigou ) 
ERR: Db Error: Unknown column 'goods_count' in 'where clause'
SELECT * FROM `wteflhvr_ouxiang`.`shopnc_store` WHERE ( goods_count = '29' ) AND ( store_state = '1' ) AND ( grade_id = '2' ) ORDER BY store_id desc LIMIT 16  
[2015-10-29 02:36:32] /shop/index.php?act=category&op=daigou&count=17&keyword= ( act=category&op=daigou ) 
ERR: Db Error: Unknown column 'goods_count' in 'where clause'
SELECT * FROM `wteflhvr_ouxiang`.`shopnc_store` WHERE ( goods_count = '17' ) AND ( store_state = '1' ) AND ( grade_id = '2' ) ORDER BY store_id desc LIMIT 16  
[2015-10-29 02:55:00] /shop/index.php?act=category&op=daigou&count=35&keyword= ( act=category&op=daigou ) 
ERR: Db Error: Unknown column 'goods_count' in 'where clause'
SELECT * FROM `wteflhvr_ouxiang`.`shopnc_store` WHERE ( goods_count = '35' ) AND ( store_state = '1' ) AND ( grade_id = '2' ) ORDER BY store_id desc LIMIT 16  
[2015-10-29 03:13:20] /shop/index.php?act=category&op=daigou&count=14&keyword= ( act=category&op=daigou ) 
ERR: Db Error: Unknown column 'goods_count' in 'where clause'
SELECT * FROM `wteflhvr_ouxiang`.`shopnc_store` WHERE ( goods_count = '14' ) AND ( store_state = '1' ) AND ( grade_id = '2' ) ORDER BY store_id desc LIMIT 16  
[2015-10-29 03:19:26] /shop/index.php?act=category&op=daigou&count=10&keyword= ( act=category&op=daigou ) 
ERR: Db Error: Unknown column 'goods_count' in 'where clause'
SELECT * FROM `wteflhvr_ouxiang`.`shopnc_store` WHERE ( goods_count = '10' ) AND ( store_state = '1' ) AND ( grade_id = '2' ) ORDER BY store_id desc LIMIT 16  
[2015-10-29 08:11:29] /shop/index.php?act=category&op=sd&count=2 ( act=category&op=sd ) 
ERR: Db Error: Unknown column 'goods_count' in 'where clause'
SELECT * FROM `wteflhvr_ouxiang`.`shopnc_store` WHERE ( goods_count = '2' ) AND ( store_state = '1' ) AND ( grade_id = '3' ) ORDER BY store_id desc LIMIT 16  
[2015-10-29 08:24:13] /shop/index.php?act=category&op=sd&count=17 ( act=category&op=sd ) 
ERR: Db Error: Unknown column 'goods_count' in 'where clause'
SELECT * FROM `wteflhvr_ouxiang`.`shopnc_store` WHERE ( goods_count = '17' ) AND ( store_state = '1' ) AND ( grade_id = '3' ) ORDER BY store_id desc LIMIT 16  
[2015-10-29 09:27:52] /shop/index.php?act=category&op=sd&count=45 ( act=category&op=sd ) 
ERR: Db Error: Unknown column 'goods_count' in 'where clause'
SELECT * FROM `wteflhvr_ouxiang`.`shopnc_store` WHERE ( goods_count = '45' ) AND ( store_state = '1' ) AND ( grade_id = '3' ) ORDER BY store_id desc LIMIT 16  
[2015-10-29 11:03:21] /shop/index.php?act=category&op=sd&count=13 ( act=category&op=sd ) 
ERR: Db Error: Unknown column 'goods_count' in 'where clause'
SELECT * FROM `wteflhvr_ouxiang`.`shopnc_store` WHERE ( goods_count = '13' ) AND ( store_state = '1' ) AND ( grade_id = '3' ) ORDER BY store_id desc LIMIT 16  
[2015-10-29 11:41:31] /shop/index.php?act=category&op=sd&count=35 ( act=category&op=sd ) 
ERR: Db Error: Unknown column 'goods_count' in 'where clause'
SELECT * FROM `wteflhvr_ouxiang`.`shopnc_store` WHERE ( goods_count = '35' ) AND ( store_state = '1' ) AND ( grade_id = '3' ) ORDER BY store_id desc LIMIT 16  
[2015-10-29 12:45:11] /shop/index.php?act=category&op=sd&count=56 ( act=category&op=sd ) 
ERR: Db Error: Unknown column 'goods_count' in 'where clause'
SELECT * FROM `wteflhvr_ouxiang`.`shopnc_store` WHERE ( goods_count = '56' ) AND ( store_state = '1' ) AND ( grade_id = '3' ) ORDER BY store_id desc LIMIT 16  
[2015-10-29 13:29:44] /shop/index.php?act=category&op=sd&count=36 ( act=category&op=sd ) 
ERR: Db Error: Unknown column 'goods_count' in 'where clause'
SELECT * FROM `wteflhvr_ouxiang`.`shopnc_store` WHERE ( goods_count = '36' ) AND ( store_state = '1' ) AND ( grade_id = '3' ) ORDER BY store_id desc LIMIT 16  
[2015-10-29 14:07:55] /shop/index.php?act=category&op=sd&count=3 ( act=category&op=sd ) 
ERR: Db Error: Unknown column 'goods_count' in 'where clause'
SELECT * FROM `wteflhvr_ouxiang`.`shopnc_store` WHERE ( goods_count = '3' ) AND ( store_state = '1' ) AND ( grade_id = '3' ) ORDER BY store_id desc LIMIT 16  
[2015-10-29 14:46:06] /shop/index.php?act=category&op=sd&count=54 ( act=category&op=sd ) 
ERR: Db Error: Unknown column 'goods_count' in 'where clause'
SELECT * FROM `wteflhvr_ouxiang`.`shopnc_store` WHERE ( goods_count = '54' ) AND ( store_state = '1' ) AND ( grade_id = '3' ) ORDER BY store_id desc LIMIT 16  
[2015-10-29 14:58:50] /shop/index.php?act=category&op=sd&count=7 ( act=category&op=sd ) 
ERR: Db Error: Unknown column 'goods_count' in 'where clause'
SELECT * FROM `wteflhvr_ouxiang`.`shopnc_store` WHERE ( goods_count = '7' ) AND ( store_state = '1' ) AND ( grade_id = '3' ) ORDER BY store_id desc LIMIT 16  
[2015-10-29 15:44:47] /shop/index.php?act=show_store&op=taolun&store_id=8 ( act=show_store&op=taolun ) 
ERR: Db Error: You have an error in your SQL syntax; check the manual that corresponds to your MySQL server version for the right syntax to use near 'LIMIT 1' at line 1
SELECT count_images FROM `wteflhvr_ouxiang`.`shopnc_count` WHERE count_id= LIMIT 1  
[2015-10-29 15:45:05] /shop/index.php?act=show_store&op=taolun&store_id=8 ( act=show_store&op=taolun ) 
ERR: Db Error: You have an error in your SQL syntax; check the manual that corresponds to your MySQL server version for the right syntax to use near 'LIMIT 1' at line 1
SELECT count_images FROM `wteflhvr_ouxiang`.`shopnc_count` WHERE count_id= LIMIT 1  
[2015-10-29 15:45:08] /shop/index.php?act=show_store&op=taolun&store_id=8 ( act=show_store&op=taolun ) 
ERR: Db Error: You have an error in your SQL syntax; check the manual that corresponds to your MySQL server version for the right syntax to use near 'LIMIT 1' at line 1
SELECT count_images FROM `wteflhvr_ouxiang`.`shopnc_count` WHERE count_id= LIMIT 1  
[2015-10-29 16:08:52] /shop/index.php?act=category&op=sd&count=23 ( act=category&op=sd ) 
ERR: Db Error: Unknown column 'goods_count' in 'where clause'
SELECT * FROM `wteflhvr_ouxiang`.`shopnc_store` WHERE ( goods_count = '23' ) AND ( store_state = '1' ) AND ( grade_id = '3' ) ORDER BY store_id desc LIMIT 16  
[2015-10-29 16:21:36] /shop/index.php?act=category&op=sd&count=14 ( act=category&op=sd ) 
ERR: Db Error: Unknown column 'goods_count' in 'where clause'
SELECT * FROM `wteflhvr_ouxiang`.`shopnc_store` WHERE ( goods_count = '14' ) AND ( store_state = '1' ) AND ( grade_id = '3' ) ORDER BY store_id desc LIMIT 16  
[2015-10-29 16:59:49] /shop/index.php?act=category&op=sd&count=4 ( act=category&op=sd ) 
ERR: Db Error: Unknown column 'goods_count' in 'where clause'
SELECT * FROM `wteflhvr_ouxiang`.`shopnc_store` WHERE ( goods_count = '4' ) AND ( store_state = '1' ) AND ( grade_id = '3' ) ORDER BY store_id desc LIMIT 16  
[2015-10-29 20:44:25] /shop/index.php?act=show_store&op=taolun&store_id=8 ( act=show_store&op=taolun ) 
ERR: Db Error: You have an error in your SQL syntax; check the manual that corresponds to your MySQL server version for the right syntax to use near 'LIMIT 1' at line 1
SELECT count_images FROM `wteflhvr_ouxiang`.`shopnc_count` WHERE count_id= LIMIT 1  
