[2015-11-09 03:09:26] /shop/index.php?act=category&op=sd&count=35 ( act=category&op=sd ) 
ERR: Db Error: Unknown column 'goods_count' in 'where clause'
SELECT * FROM `wteflhvr_ouxiang`.`shopnc_store` WHERE ( goods_count = '35' ) AND ( store_state = '1' ) AND ( grade_id = '3' ) ORDER BY store_id desc LIMIT 16  
[2015-11-09 06:53:42] /shop/index.php?act=category&op=sd&count=35 ( act=category&op=sd ) 
ERR: Db Error: Unknown column 'goods_count' in 'where clause'
SELECT * FROM `wteflhvr_ouxiang`.`shopnc_store` WHERE ( goods_count = '35' ) AND ( store_state = '1' ) AND ( grade_id = '3' ) ORDER BY store_id desc LIMIT 16  
[2015-11-09 07:12:39] /shop/index.php?act=category&op=sd&count=36 ( act=category&op=sd ) 
ERR: Db Error: Unknown column 'goods_count' in 'where clause'
SELECT * FROM `wteflhvr_ouxiang`.`shopnc_store` WHERE ( goods_count = '36' ) AND ( store_state = '1' ) AND ( grade_id = '3' ) ORDER BY store_id desc LIMIT 16  
[2015-11-09 09:23:38] /shop/index.php?act=category&op=sd&count=54 ( act=category&op=sd ) 
ERR: Db Error: Unknown column 'goods_count' in 'where clause'
SELECT * FROM `wteflhvr_ouxiang`.`shopnc_store` WHERE ( goods_count = '54' ) AND ( store_state = '1' ) AND ( grade_id = '3' ) ORDER BY store_id desc LIMIT 16  
[2015-11-09 09:53:29] /shop/index.php?act=category&op=shang&key=1&order=2 ( act=category&op=shang ) 
ERR: Db Error: Unknown column 'goods_salenum' in 'order clause'
SELECT * FROM `wteflhvr_ouxiang`.`shopnc_goods_sheji` ORDER BY goods_salenum desc LIMIT 0,16  
[2015-11-09 09:53:30] /shop/index.php?act=category&op=shang&key=2&order=2 ( act=category&op=shang ) 
ERR: Db Error: Unknown column 'goods_click' in 'order clause'
SELECT * FROM `wteflhvr_ouxiang`.`shopnc_goods_sheji` ORDER BY goods_click desc LIMIT 0,16  
[2015-11-09 09:53:31] /shop/index.php?act=category&op=shang&key=3&order=2 ( act=category&op=shang ) 
ERR: Db Error: Unknown column 'goods_price' in 'order clause'
SELECT * FROM `wteflhvr_ouxiang`.`shopnc_goods_sheji` ORDER BY goods_price desc LIMIT 0,16  
[2015-11-09 09:59:13] /shop/index.php?act=category&op=sd&count=35 ( act=category&op=sd ) 
ERR: Db Error: Unknown column 'goods_count' in 'where clause'
SELECT * FROM `wteflhvr_ouxiang`.`shopnc_store` WHERE ( goods_count = '35' ) AND ( store_state = '1' ) AND ( grade_id = '3' ) ORDER BY store_id desc LIMIT 16  
