[2015-10-28 00:00:54] /shop/index.php?act=category&op=daigou&count=23&keyword=&order=2 ( act=category&op=daigou ) 
ERR: Db Error: Unknown column 'goods_count' in 'where clause'
SELECT * FROM `wteflhvr_ouxiang`.`shopnc_store` WHERE ( goods_count = '23' ) AND ( store_state = '1' ) AND ( grade_id = '2' ) ORDER BY store_id desc LIMIT 16  
[2015-10-28 00:05:55] /shop/index.php?act=category&op=daigou&count=13&keyword=&order=3 ( act=category&op=daigou ) 
ERR: Db Error: Unknown column 'goods_count' in 'where clause'
SELECT * FROM `wteflhvr_ouxiang`.`shopnc_store` WHERE ( goods_count = '13' ) AND ( store_state = '1' ) AND ( grade_id = '2' ) ORDER BY store_id desc LIMIT 16  
[2015-10-28 00:05:55] /shop/index.php?act=category&op=daigou&count=20&keyword=&order=2 ( act=category&op=daigou ) 
ERR: Db Error: Unknown column 'goods_count' in 'where clause'
SELECT * FROM `wteflhvr_ouxiang`.`shopnc_store` WHERE ( goods_count = '20' ) AND ( store_state = '1' ) AND ( grade_id = '2' ) ORDER BY store_id desc LIMIT 16  
[2015-10-28 00:05:55] /shop/index.php?act=category&op=daigou&count=35&keyword=&order=3 ( act=category&op=daigou ) 
ERR: Db Error: Unknown column 'goods_count' in 'where clause'
SELECT * FROM `wteflhvr_ouxiang`.`shopnc_store` WHERE ( goods_count = '35' ) AND ( store_state = '1' ) AND ( grade_id = '2' ) ORDER BY store_id desc LIMIT 16  
[2015-10-28 00:05:55] /shop/index.php?act=category&op=daigou&count=36&keyword=&order=4 ( act=category&op=daigou ) 
ERR: Db Error: Unknown column 'goods_count' in 'where clause'
SELECT * FROM `wteflhvr_ouxiang`.`shopnc_store` WHERE ( goods_count = '36' ) AND ( store_state = '1' ) AND ( grade_id = '2' ) ORDER BY store_id desc LIMIT 16  
[2015-10-28 00:05:55] /shop/index.php?act=category&op=daigou&count=17&keyword=&order=4 ( act=category&op=daigou ) 
ERR: Db Error: Unknown column 'goods_count' in 'where clause'
SELECT * FROM `wteflhvr_ouxiang`.`shopnc_store` WHERE ( goods_count = '17' ) AND ( store_state = '1' ) AND ( grade_id = '2' ) ORDER BY store_id desc LIMIT 16  
[2015-10-28 00:05:57] /shop/index.php?act=category&op=daigou&count=13&keyword=&order=2 ( act=category&op=daigou ) 
ERR: Db Error: Unknown column 'goods_count' in 'where clause'
SELECT * FROM `wteflhvr_ouxiang`.`shopnc_store` WHERE ( goods_count = '13' ) AND ( store_state = '1' ) AND ( grade_id = '2' ) ORDER BY store_id desc LIMIT 16  
[2015-10-28 00:05:59] /shop/index.php?act=category&op=daigou&count=7&keyword=&order=1 ( act=category&op=daigou ) 
ERR: Db Error: Unknown column 'goods_count' in 'where clause'
SELECT * FROM `wteflhvr_ouxiang`.`shopnc_store` WHERE ( goods_count = '7' ) AND ( store_state = '1' ) AND ( grade_id = '2' ) ORDER BY store_id desc LIMIT 16  
[2015-10-28 00:05:59] /shop/index.php?act=category&op=daigou&count=1&keyword=&order=1 ( act=category&op=daigou ) 
ERR: Db Error: Unknown column 'goods_count' in 'where clause'
SELECT * FROM `wteflhvr_ouxiang`.`shopnc_store` WHERE ( goods_count = '1' ) AND ( store_state = '1' ) AND ( grade_id = '2' ) ORDER BY store_id desc LIMIT 16  
[2015-10-28 00:05:59] /shop/index.php?act=category&op=daigou&count=10&keyword=&order=2 ( act=category&op=daigou ) 
ERR: Db Error: Unknown column 'goods_count' in 'where clause'
SELECT * FROM `wteflhvr_ouxiang`.`shopnc_store` WHERE ( goods_count = '10' ) AND ( store_state = '1' ) AND ( grade_id = '2' ) ORDER BY store_id desc LIMIT 16  
[2015-10-28 00:06:00] /shop/index.php?act=category&op=daigou&count=20&keyword=&order=3 ( act=category&op=daigou ) 
ERR: Db Error: Unknown column 'goods_count' in 'where clause'
SELECT * FROM `wteflhvr_ouxiang`.`shopnc_store` WHERE ( goods_count = '20' ) AND ( store_state = '1' ) AND ( grade_id = '2' ) ORDER BY store_id desc LIMIT 16  
[2015-10-28 00:06:00] /shop/index.php?act=category&op=daigou&count=45&keyword=&order=1 ( act=category&op=daigou ) 
ERR: Db Error: Unknown column 'goods_count' in 'where clause'
SELECT * FROM `wteflhvr_ouxiang`.`shopnc_store` WHERE ( goods_count = '45' ) AND ( store_state = '1' ) AND ( grade_id = '2' ) ORDER BY store_id desc LIMIT 16  
[2015-10-28 00:06:01] /shop/index.php?act=category&op=daigou&count=17&keyword=&order=3 ( act=category&op=daigou ) 
ERR: Db Error: Unknown column 'goods_count' in 'where clause'
SELECT * FROM `wteflhvr_ouxiang`.`shopnc_store` WHERE ( goods_count = '17' ) AND ( store_state = '1' ) AND ( grade_id = '2' ) ORDER BY store_id desc LIMIT 16  
[2015-10-28 00:06:01] /shop/index.php?act=category&op=daigou&count=14&keyword=&order=2 ( act=category&op=daigou ) 
ERR: Db Error: Unknown column 'goods_count' in 'where clause'
SELECT * FROM `wteflhvr_ouxiang`.`shopnc_store` WHERE ( goods_count = '14' ) AND ( store_state = '1' ) AND ( grade_id = '2' ) ORDER BY store_id desc LIMIT 16  
[2015-10-28 00:07:34] /shop/index.php?act=category&op=daigou&count=23&keyword=&order=2 ( act=category&op=daigou ) 
ERR: Db Error: Unknown column 'goods_count' in 'where clause'
SELECT * FROM `wteflhvr_ouxiang`.`shopnc_store` WHERE ( goods_count = '23' ) AND ( store_state = '1' ) AND ( grade_id = '2' ) ORDER BY store_id desc LIMIT 16  
[2015-10-28 00:12:34] /shop/index.php?act=category&op=sd&count=14&order=1 ( act=category&op=sd ) 
ERR: Db Error: Unknown column 'goods_count' in 'where clause'
SELECT * FROM `wteflhvr_ouxiang`.`shopnc_store` WHERE ( goods_count = '14' ) AND ( store_state = '1' ) AND ( grade_id = '3' ) ORDER BY store_id desc LIMIT 16  
[2015-10-28 00:12:48] /shop/index.php?act=category&op=sd&count=16&order=1 ( act=category&op=sd ) 
ERR: Db Error: Unknown column 'goods_count' in 'where clause'
SELECT * FROM `wteflhvr_ouxiang`.`shopnc_store` WHERE ( goods_count = '16' ) AND ( store_state = '1' ) AND ( grade_id = '3' ) ORDER BY store_id desc LIMIT 16  
[2015-10-28 00:12:51] /shop/index.php?act=category&op=sd&count=16&order=2 ( act=category&op=sd ) 
ERR: Db Error: Unknown column 'goods_count' in 'where clause'
SELECT * FROM `wteflhvr_ouxiang`.`shopnc_store` WHERE ( goods_count = '16' ) AND ( store_state = '1' ) AND ( grade_id = '3' ) ORDER BY store_id desc LIMIT 16  
[2015-10-28 00:12:54] /shop/index.php?act=category&op=sd&count=14&order=2 ( act=category&op=sd ) 
ERR: Db Error: Unknown column 'goods_count' in 'where clause'
SELECT * FROM `wteflhvr_ouxiang`.`shopnc_store` WHERE ( goods_count = '14' ) AND ( store_state = '1' ) AND ( grade_id = '3' ) ORDER BY store_id desc LIMIT 16  
[2015-10-28 00:13:03] /shop/index.php?act=category&op=sd&count=16&order=4 ( act=category&op=sd ) 
ERR: Db Error: Unknown column 'goods_count' in 'where clause'
SELECT * FROM `wteflhvr_ouxiang`.`shopnc_store` WHERE ( goods_count = '16' ) AND ( store_state = '1' ) AND ( grade_id = '3' ) ORDER BY store_id desc LIMIT 16  
[2015-10-28 00:13:04] /shop/index.php?act=category&op=sd&count=16&order=3 ( act=category&op=sd ) 
ERR: Db Error: Unknown column 'goods_count' in 'where clause'
SELECT * FROM `wteflhvr_ouxiang`.`shopnc_store` WHERE ( goods_count = '16' ) AND ( store_state = '1' ) AND ( grade_id = '3' ) ORDER BY store_id desc LIMIT 16  
[2015-10-28 00:13:05] /shop/index.php?act=category&op=sd&count=14&order=4 ( act=category&op=sd ) 
ERR: Db Error: Unknown column 'goods_count' in 'where clause'
SELECT * FROM `wteflhvr_ouxiang`.`shopnc_store` WHERE ( goods_count = '14' ) AND ( store_state = '1' ) AND ( grade_id = '3' ) ORDER BY store_id desc LIMIT 16  
[2015-10-28 00:13:08] /shop/index.php?act=category&op=sd&count=14&order=3 ( act=category&op=sd ) 
ERR: Db Error: Unknown column 'goods_count' in 'where clause'
SELECT * FROM `wteflhvr_ouxiang`.`shopnc_store` WHERE ( goods_count = '14' ) AND ( store_state = '1' ) AND ( grade_id = '3' ) ORDER BY store_id desc LIMIT 16  
[2015-10-28 00:13:08] /shop/index.php?act=category&op=sd&count=35&order=3 ( act=category&op=sd ) 
ERR: Db Error: Unknown column 'goods_count' in 'where clause'
SELECT * FROM `wteflhvr_ouxiang`.`shopnc_store` WHERE ( goods_count = '35' ) AND ( store_state = '1' ) AND ( grade_id = '3' ) ORDER BY store_id desc LIMIT 16  
[2015-10-28 00:13:10] /shop/index.php?act=category&op=sd&stype=1&count=1&order=4 ( act=category&op=sd ) 
ERR: Db Error: Unknown column 'goods_count' in 'where clause'
SELECT * FROM `wteflhvr_ouxiang`.`shopnc_store` WHERE ( goods_count = '1' ) AND ( store_state = '1' ) AND ( grade_id = '3' ) ORDER BY store_id desc LIMIT 16  
[2015-10-28 00:13:23] /shop/index.php?act=category&op=sd&order=3&count=7 ( act=category&op=sd ) 
ERR: Db Error: Unknown column 'goods_count' in 'where clause'
SELECT * FROM `wteflhvr_ouxiang`.`shopnc_store` WHERE ( goods_count = '7' ) AND ( store_state = '1' ) AND ( grade_id = '3' ) ORDER BY store_id desc LIMIT 16  
[2015-10-28 00:13:26] /shop/index.php?act=category&op=sd&count=45&order=4 ( act=category&op=sd ) 
ERR: Db Error: Unknown column 'goods_count' in 'where clause'
SELECT * FROM `wteflhvr_ouxiang`.`shopnc_store` WHERE ( goods_count = '45' ) AND ( store_state = '1' ) AND ( grade_id = '3' ) ORDER BY store_id desc LIMIT 16  
[2015-10-28 00:13:27] /shop/index.php?act=category&op=sd&stype=1&count=2&order=2 ( act=category&op=sd ) 
ERR: Db Error: Unknown column 'goods_count' in 'where clause'
SELECT * FROM `wteflhvr_ouxiang`.`shopnc_store` WHERE ( goods_count = '2' ) AND ( store_state = '1' ) AND ( grade_id = '3' ) ORDER BY store_id desc LIMIT 16  
[2015-10-28 00:13:37] /shop/index.php?act=category&op=sd&order=3&count=14 ( act=category&op=sd ) 
ERR: Db Error: Unknown column 'goods_count' in 'where clause'
SELECT * FROM `wteflhvr_ouxiang`.`shopnc_store` WHERE ( goods_count = '14' ) AND ( store_state = '1' ) AND ( grade_id = '3' ) ORDER BY store_id desc LIMIT 16  
[2015-10-28 00:13:46] /shop/index.php?act=category&op=sd&stype=1&order=1&count=20 ( act=category&op=sd ) 
ERR: Db Error: Unknown column 'goods_count' in 'where clause'
SELECT * FROM `wteflhvr_ouxiang`.`shopnc_store` WHERE ( goods_count = '20' ) AND ( store_state = '1' ) AND ( grade_id = '3' ) ORDER BY store_id desc LIMIT 16  
[2015-10-28 00:13:47] /shop/index.php?act=category&op=sd&count=35&order=4 ( act=category&op=sd ) 
ERR: Db Error: Unknown column 'goods_count' in 'where clause'
SELECT * FROM `wteflhvr_ouxiang`.`shopnc_store` WHERE ( goods_count = '35' ) AND ( store_state = '1' ) AND ( grade_id = '3' ) ORDER BY store_id desc LIMIT 16  
[2015-10-28 00:13:49] /shop/index.php?act=category&op=sd&stype=1&count=1&order=3 ( act=category&op=sd ) 
ERR: Db Error: Unknown column 'goods_count' in 'where clause'
SELECT * FROM `wteflhvr_ouxiang`.`shopnc_store` WHERE ( goods_count = '1' ) AND ( store_state = '1' ) AND ( grade_id = '3' ) ORDER BY store_id desc LIMIT 16  
[2015-10-28 00:15:18] /shop/index.php?act=category&op=sd&stype=1&order=1&count=4 ( act=category&op=sd ) 
ERR: Db Error: Unknown column 'goods_count' in 'where clause'
SELECT * FROM `wteflhvr_ouxiang`.`shopnc_store` WHERE ( goods_count = '4' ) AND ( store_state = '1' ) AND ( grade_id = '3' ) ORDER BY store_id desc LIMIT 16  
[2015-10-28 00:15:55] /shop/index.php?act=category&op=sd&stype=1&count=2&order=1 ( act=category&op=sd ) 
ERR: Db Error: Unknown column 'goods_count' in 'where clause'
SELECT * FROM `wteflhvr_ouxiang`.`shopnc_store` WHERE ( goods_count = '2' ) AND ( store_state = '1' ) AND ( grade_id = '3' ) ORDER BY store_id desc LIMIT 16  
[2015-10-28 00:18:39] /shop/index.php?act=category&op=sd&stype=1&count=2&order=3 ( act=category&op=sd ) 
ERR: Db Error: Unknown column 'goods_count' in 'where clause'
SELECT * FROM `wteflhvr_ouxiang`.`shopnc_store` WHERE ( goods_count = '2' ) AND ( store_state = '1' ) AND ( grade_id = '3' ) ORDER BY store_id desc LIMIT 16  
[2015-10-28 00:19:00] /shop/index.php?act=category&op=sd&count=45&order=3 ( act=category&op=sd ) 
ERR: Db Error: Unknown column 'goods_count' in 'where clause'
SELECT * FROM `wteflhvr_ouxiang`.`shopnc_store` WHERE ( goods_count = '45' ) AND ( store_state = '1' ) AND ( grade_id = '3' ) ORDER BY store_id desc LIMIT 16  
[2015-10-28 00:20:13] /shop/index.php?act=category&op=sd&count=16&order=1 ( act=category&op=sd ) 
ERR: Db Error: Unknown column 'goods_count' in 'where clause'
SELECT * FROM `wteflhvr_ouxiang`.`shopnc_store` WHERE ( goods_count = '16' ) AND ( store_state = '1' ) AND ( grade_id = '3' ) ORDER BY store_id desc LIMIT 16  
[2015-10-28 00:20:13] /shop/index.php?act=category&op=sd&count=16&order=2 ( act=category&op=sd ) 
ERR: Db Error: Unknown column 'goods_count' in 'where clause'
SELECT * FROM `wteflhvr_ouxiang`.`shopnc_store` WHERE ( goods_count = '16' ) AND ( store_state = '1' ) AND ( grade_id = '3' ) ORDER BY store_id desc LIMIT 16  
[2015-10-28 00:20:17] /shop/index.php?act=category&op=sd&count=35&order=3 ( act=category&op=sd ) 
ERR: Db Error: Unknown column 'goods_count' in 'where clause'
SELECT * FROM `wteflhvr_ouxiang`.`shopnc_store` WHERE ( goods_count = '35' ) AND ( store_state = '1' ) AND ( grade_id = '3' ) ORDER BY store_id desc LIMIT 16  
[2015-10-28 00:20:18] /shop/index.php?act=category&op=sd&count=14&order=2 ( act=category&op=sd ) 
ERR: Db Error: Unknown column 'goods_count' in 'where clause'
SELECT * FROM `wteflhvr_ouxiang`.`shopnc_store` WHERE ( goods_count = '14' ) AND ( store_state = '1' ) AND ( grade_id = '3' ) ORDER BY store_id desc LIMIT 16  
[2015-10-28 00:20:18] /shop/index.php?act=category&op=sd&count=14&order=3 ( act=category&op=sd ) 
ERR: Db Error: Unknown column 'goods_count' in 'where clause'
SELECT * FROM `wteflhvr_ouxiang`.`shopnc_store` WHERE ( goods_count = '14' ) AND ( store_state = '1' ) AND ( grade_id = '3' ) ORDER BY store_id desc LIMIT 16  
[2015-10-28 00:20:27] /shop/index.php?act=category&op=sd&stype=1&count=2&order=2 ( act=category&op=sd ) 
ERR: Db Error: Unknown column 'goods_count' in 'where clause'
SELECT * FROM `wteflhvr_ouxiang`.`shopnc_store` WHERE ( goods_count = '2' ) AND ( store_state = '1' ) AND ( grade_id = '3' ) ORDER BY store_id desc LIMIT 16  
[2015-10-28 00:20:37] /shop/index.php?act=category&op=sd&order=3&count=14 ( act=category&op=sd ) 
ERR: Db Error: Unknown column 'goods_count' in 'where clause'
SELECT * FROM `wteflhvr_ouxiang`.`shopnc_store` WHERE ( goods_count = '14' ) AND ( store_state = '1' ) AND ( grade_id = '3' ) ORDER BY store_id desc LIMIT 16  
[2015-10-28 00:20:38] /shop/index.php?act=category&op=sd&count=35&order=4 ( act=category&op=sd ) 
ERR: Db Error: Unknown column 'goods_count' in 'where clause'
SELECT * FROM `wteflhvr_ouxiang`.`shopnc_store` WHERE ( goods_count = '35' ) AND ( store_state = '1' ) AND ( grade_id = '3' ) ORDER BY store_id desc LIMIT 16  
[2015-10-28 00:24:47] /shop/index.php?act=category&op=sd&stype=1&count=2&order=4 ( act=category&op=sd ) 
ERR: Db Error: Unknown column 'goods_count' in 'where clause'
SELECT * FROM `wteflhvr_ouxiang`.`shopnc_store` WHERE ( goods_count = '2' ) AND ( store_state = '1' ) AND ( grade_id = '3' ) ORDER BY store_id desc LIMIT 16  
[2015-10-28 00:25:41] /shop/index.php?act=category&op=sd&count=45&order=3 ( act=category&op=sd ) 
ERR: Db Error: Unknown column 'goods_count' in 'where clause'
SELECT * FROM `wteflhvr_ouxiang`.`shopnc_store` WHERE ( goods_count = '45' ) AND ( store_state = '1' ) AND ( grade_id = '3' ) ORDER BY store_id desc LIMIT 16  
[2015-10-28 00:27:16] /shop/index.php?act=category&op=sd&count=35&order=3 ( act=category&op=sd ) 
ERR: Db Error: Unknown column 'goods_count' in 'where clause'
SELECT * FROM `wteflhvr_ouxiang`.`shopnc_store` WHERE ( goods_count = '35' ) AND ( store_state = '1' ) AND ( grade_id = '3' ) ORDER BY store_id desc LIMIT 16  
[2015-10-28 00:27:16] /shop/index.php?act=category&op=sd&stype=1&count=2&order=2 ( act=category&op=sd ) 
ERR: Db Error: Unknown column 'goods_count' in 'where clause'
SELECT * FROM `wteflhvr_ouxiang`.`shopnc_store` WHERE ( goods_count = '2' ) AND ( store_state = '1' ) AND ( grade_id = '3' ) ORDER BY store_id desc LIMIT 16  
[2015-10-28 00:27:17] /shop/index.php?act=category&op=sd&count=14&order=2 ( act=category&op=sd ) 
ERR: Db Error: Unknown column 'goods_count' in 'where clause'
SELECT * FROM `wteflhvr_ouxiang`.`shopnc_store` WHERE ( goods_count = '14' ) AND ( store_state = '1' ) AND ( grade_id = '3' ) ORDER BY store_id desc LIMIT 16  
[2015-10-28 00:29:40] /shop/index.php?act=category&op=sd&count=56&order=4 ( act=category&op=sd ) 
ERR: Db Error: Unknown column 'goods_count' in 'where clause'
SELECT * FROM `wteflhvr_ouxiang`.`shopnc_store` WHERE ( goods_count = '56' ) AND ( store_state = '1' ) AND ( grade_id = '3' ) ORDER BY store_id desc LIMIT 16  
[2015-10-28 00:31:32] /shop/index.php?act=category&op=sd&stype=1&count=2&order=4 ( act=category&op=sd ) 
ERR: Db Error: Unknown column 'goods_count' in 'where clause'
SELECT * FROM `wteflhvr_ouxiang`.`shopnc_store` WHERE ( goods_count = '2' ) AND ( store_state = '1' ) AND ( grade_id = '3' ) ORDER BY store_id desc LIMIT 16  
[2015-10-28 00:32:43] /shop/index.php?act=category&op=sd&count=45&order=3 ( act=category&op=sd ) 
ERR: Db Error: Unknown column 'goods_count' in 'where clause'
SELECT * FROM `wteflhvr_ouxiang`.`shopnc_store` WHERE ( goods_count = '45' ) AND ( store_state = '1' ) AND ( grade_id = '3' ) ORDER BY store_id desc LIMIT 16  
[2015-10-28 00:33:54] /shop/index.php?act=category&op=sd&order=3&count=4 ( act=category&op=sd ) 
ERR: Db Error: Unknown column 'goods_count' in 'where clause'
SELECT * FROM `wteflhvr_ouxiang`.`shopnc_store` WHERE ( goods_count = '4' ) AND ( store_state = '1' ) AND ( grade_id = '3' ) ORDER BY store_id desc LIMIT 16  
[2015-10-28 00:34:51] /shop/index.php?act=category&op=sd&count=56&order=3 ( act=category&op=sd ) 
ERR: Db Error: Unknown column 'goods_count' in 'where clause'
SELECT * FROM `wteflhvr_ouxiang`.`shopnc_store` WHERE ( goods_count = '56' ) AND ( store_state = '1' ) AND ( grade_id = '3' ) ORDER BY store_id desc LIMIT 16  
[2015-10-28 00:37:41] /shop/index.php?act=category&op=sd&order=3&count=16 ( act=category&op=sd ) 
ERR: Db Error: Unknown column 'goods_count' in 'where clause'
SELECT * FROM `wteflhvr_ouxiang`.`shopnc_store` WHERE ( goods_count = '16' ) AND ( store_state = '1' ) AND ( grade_id = '3' ) ORDER BY store_id desc LIMIT 16  
[2015-10-28 00:38:12] /shop/index.php?act=category&op=sd&count=4&order=4 ( act=category&op=sd ) 
ERR: Db Error: Unknown column 'goods_count' in 'where clause'
SELECT * FROM `wteflhvr_ouxiang`.`shopnc_store` WHERE ( goods_count = '4' ) AND ( store_state = '1' ) AND ( grade_id = '3' ) ORDER BY store_id desc LIMIT 16  
[2015-10-28 00:38:23] /shop/index.php?act=category&op=sd&stype=1&count=2&order=4 ( act=category&op=sd ) 
ERR: Db Error: Unknown column 'goods_count' in 'where clause'
SELECT * FROM `wteflhvr_ouxiang`.`shopnc_store` WHERE ( goods_count = '2' ) AND ( store_state = '1' ) AND ( grade_id = '3' ) ORDER BY store_id desc LIMIT 16  
[2015-10-28 00:43:43] /shop/index.php?act=category&op=sd&count=4&order=3 ( act=category&op=sd ) 
ERR: Db Error: Unknown column 'goods_count' in 'where clause'
SELECT * FROM `wteflhvr_ouxiang`.`shopnc_store` WHERE ( goods_count = '4' ) AND ( store_state = '1' ) AND ( grade_id = '3' ) ORDER BY store_id desc LIMIT 16  
[2015-10-28 00:45:32] /shop/index.php?act=category&op=sd&stype=1&count=1&order=2 ( act=category&op=sd ) 
ERR: Db Error: Unknown column 'goods_count' in 'where clause'
SELECT * FROM `wteflhvr_ouxiang`.`shopnc_store` WHERE ( goods_count = '1' ) AND ( store_state = '1' ) AND ( grade_id = '3' ) ORDER BY store_id desc LIMIT 16  
[2015-10-28 00:48:10] /shop/index.php?act=category&op=sd&stype=1&count=1&order=1 ( act=category&op=sd ) 
ERR: Db Error: Unknown column 'goods_count' in 'where clause'
SELECT * FROM `wteflhvr_ouxiang`.`shopnc_store` WHERE ( goods_count = '1' ) AND ( store_state = '1' ) AND ( grade_id = '3' ) ORDER BY store_id desc LIMIT 16  
[2015-10-28 00:48:15] /shop/index.php?act=category&op=sd&stype=1&order=1&count=49 ( act=category&op=sd ) 
ERR: Db Error: Unknown column 'goods_count' in 'where clause'
SELECT * FROM `wteflhvr_ouxiang`.`shopnc_store` WHERE ( goods_count = '49' ) AND ( store_state = '1' ) AND ( grade_id = '3' ) ORDER BY store_id desc LIMIT 16  
[2015-10-28 00:48:48] /shop/index.php?act=category&op=sd&stype=1&order=1&count=16 ( act=category&op=sd ) 
ERR: Db Error: Unknown column 'goods_count' in 'where clause'
SELECT * FROM `wteflhvr_ouxiang`.`shopnc_store` WHERE ( goods_count = '16' ) AND ( store_state = '1' ) AND ( grade_id = '3' ) ORDER BY store_id desc LIMIT 16  
[2015-10-28 00:48:53] /shop/index.php?act=category&op=sd&stype=1&order=1&count=53 ( act=category&op=sd ) 
ERR: Db Error: Unknown column 'goods_count' in 'where clause'
SELECT * FROM `wteflhvr_ouxiang`.`shopnc_store` WHERE ( goods_count = '53' ) AND ( store_state = '1' ) AND ( grade_id = '3' ) ORDER BY store_id desc LIMIT 16  
[2015-10-28 00:49:29] /shop/index.php?act=category&op=sd&stype=1&order=1&count=10 ( act=category&op=sd ) 
ERR: Db Error: Unknown column 'goods_count' in 'where clause'
SELECT * FROM `wteflhvr_ouxiang`.`shopnc_store` WHERE ( goods_count = '10' ) AND ( store_state = '1' ) AND ( grade_id = '3' ) ORDER BY store_id desc LIMIT 16  
[2015-10-28 00:52:34] /shop/index.php?act=category&op=sd&stype=1&count=1&order=2 ( act=category&op=sd ) 
ERR: Db Error: Unknown column 'goods_count' in 'where clause'
SELECT * FROM `wteflhvr_ouxiang`.`shopnc_store` WHERE ( goods_count = '1' ) AND ( store_state = '1' ) AND ( grade_id = '3' ) ORDER BY store_id desc LIMIT 16  
[2015-10-28 00:52:36] /shop/index.php?act=category&op=sd&stype=1&order=1&count=29 ( act=category&op=sd ) 
ERR: Db Error: Unknown column 'goods_count' in 'where clause'
SELECT * FROM `wteflhvr_ouxiang`.`shopnc_store` WHERE ( goods_count = '29' ) AND ( store_state = '1' ) AND ( grade_id = '3' ) ORDER BY store_id desc LIMIT 16  
[2015-10-28 00:53:03] /shop/index.php?act=category&op=sd&stype=1&order=1&count=14 ( act=category&op=sd ) 
ERR: Db Error: Unknown column 'goods_count' in 'where clause'
SELECT * FROM `wteflhvr_ouxiang`.`shopnc_store` WHERE ( goods_count = '14' ) AND ( store_state = '1' ) AND ( grade_id = '3' ) ORDER BY store_id desc LIMIT 16  
[2015-10-28 00:53:59] /shop/index.php?act=category&op=sd&stype=1&order=1&count=23 ( act=category&op=sd ) 
ERR: Db Error: Unknown column 'goods_count' in 'where clause'
SELECT * FROM `wteflhvr_ouxiang`.`shopnc_store` WHERE ( goods_count = '23' ) AND ( store_state = '1' ) AND ( grade_id = '3' ) ORDER BY store_id desc LIMIT 16  
[2015-10-28 00:54:19] /shop/index.php?act=category&op=sd&stype=1&order=1&count=1 ( act=category&op=sd ) 
ERR: Db Error: Unknown column 'goods_count' in 'where clause'
SELECT * FROM `wteflhvr_ouxiang`.`shopnc_store` WHERE ( goods_count = '1' ) AND ( store_state = '1' ) AND ( grade_id = '3' ) ORDER BY store_id desc LIMIT 16  
[2015-10-28 00:54:43] /shop/index.php?act=category&op=sd&stype=1&order=1&count=35 ( act=category&op=sd ) 
ERR: Db Error: Unknown column 'goods_count' in 'where clause'
SELECT * FROM `wteflhvr_ouxiang`.`shopnc_store` WHERE ( goods_count = '35' ) AND ( store_state = '1' ) AND ( grade_id = '3' ) ORDER BY store_id desc LIMIT 16  
[2015-10-28 00:55:05] /shop/index.php?act=category&op=sd&stype=1&count=1&order=1 ( act=category&op=sd ) 
ERR: Db Error: Unknown column 'goods_count' in 'where clause'
SELECT * FROM `wteflhvr_ouxiang`.`shopnc_store` WHERE ( goods_count = '1' ) AND ( store_state = '1' ) AND ( grade_id = '3' ) ORDER BY store_id desc LIMIT 16  
[2015-10-28 00:55:08] /shop/index.php?act=category&op=sd&stype=1&order=1&count=17 ( act=category&op=sd ) 
ERR: Db Error: Unknown column 'goods_count' in 'where clause'
SELECT * FROM `wteflhvr_ouxiang`.`shopnc_store` WHERE ( goods_count = '17' ) AND ( store_state = '1' ) AND ( grade_id = '3' ) ORDER BY store_id desc LIMIT 16  
[2015-10-28 00:55:09] /shop/index.php?act=category&op=sd&stype=1&order=1&count=45 ( act=category&op=sd ) 
ERR: Db Error: Unknown column 'goods_count' in 'where clause'
SELECT * FROM `wteflhvr_ouxiang`.`shopnc_store` WHERE ( goods_count = '45' ) AND ( store_state = '1' ) AND ( grade_id = '3' ) ORDER BY store_id desc LIMIT 16  
[2015-10-28 00:55:23] /shop/index.php?act=category&op=sd&stype=1&order=1&count=2 ( act=category&op=sd ) 
ERR: Db Error: Unknown column 'goods_count' in 'where clause'
SELECT * FROM `wteflhvr_ouxiang`.`shopnc_store` WHERE ( goods_count = '2' ) AND ( store_state = '1' ) AND ( grade_id = '3' ) ORDER BY store_id desc LIMIT 16  
[2015-10-28 00:55:25] /shop/index.php?act=category&op=sd&stype=1&order=1&count=7 ( act=category&op=sd ) 
ERR: Db Error: Unknown column 'goods_count' in 'where clause'
SELECT * FROM `wteflhvr_ouxiang`.`shopnc_store` WHERE ( goods_count = '7' ) AND ( store_state = '1' ) AND ( grade_id = '3' ) ORDER BY store_id desc LIMIT 16  
[2015-10-28 00:55:26] /shop/index.php?act=category&op=sd&stype=1&order=1&count=3 ( act=category&op=sd ) 
ERR: Db Error: Unknown column 'goods_count' in 'where clause'
SELECT * FROM `wteflhvr_ouxiang`.`shopnc_store` WHERE ( goods_count = '3' ) AND ( store_state = '1' ) AND ( grade_id = '3' ) ORDER BY store_id desc LIMIT 16  
[2015-10-28 00:55:59] /shop/index.php?act=category&op=sd&stype=1&order=1&count=54 ( act=category&op=sd ) 
ERR: Db Error: Unknown column 'goods_count' in 'where clause'
SELECT * FROM `wteflhvr_ouxiang`.`shopnc_store` WHERE ( goods_count = '54' ) AND ( store_state = '1' ) AND ( grade_id = '3' ) ORDER BY store_id desc LIMIT 16  
[2015-10-28 00:56:41] /shop/index.php?act=category&op=sd&stype=1&order=1&count=56 ( act=category&op=sd ) 
ERR: Db Error: Unknown column 'goods_count' in 'where clause'
SELECT * FROM `wteflhvr_ouxiang`.`shopnc_store` WHERE ( goods_count = '56' ) AND ( store_state = '1' ) AND ( grade_id = '3' ) ORDER BY store_id desc LIMIT 16  
[2015-10-28 00:56:49] /shop/index.php?act=category&op=sd&stype=1&order=1&count=13 ( act=category&op=sd ) 
ERR: Db Error: Unknown column 'goods_count' in 'where clause'
SELECT * FROM `wteflhvr_ouxiang`.`shopnc_store` WHERE ( goods_count = '13' ) AND ( store_state = '1' ) AND ( grade_id = '3' ) ORDER BY store_id desc LIMIT 16  
[2015-10-28 00:57:41] /shop/index.php?act=category&op=sd&stype=1&order=1&count=36 ( act=category&op=sd ) 
ERR: Db Error: Unknown column 'goods_count' in 'where clause'
SELECT * FROM `wteflhvr_ouxiang`.`shopnc_store` WHERE ( goods_count = '36' ) AND ( store_state = '1' ) AND ( grade_id = '3' ) ORDER BY store_id desc LIMIT 16  
[2015-10-28 01:03:29] /shop/index.php?act=category&op=sd&stype=1&order=1&count=13 ( act=category&op=sd ) 
ERR: Db Error: Unknown column 'goods_count' in 'where clause'
SELECT * FROM `wteflhvr_ouxiang`.`shopnc_store` WHERE ( goods_count = '13' ) AND ( store_state = '1' ) AND ( grade_id = '3' ) ORDER BY store_id desc LIMIT 16  
[2015-10-28 01:57:14] /shop/index.php?act=category&op=shang&she=2&order=2&key=3 ( act=category&op=shang ) 
ERR: Db Error: Unknown column 'goods_price' in 'order clause'
SELECT * FROM `wteflhvr_ouxiang`.`shopnc_goods_sheji` ORDER BY goods_price desc LIMIT 0,16  
[2015-10-28 02:02:16] /shop/index.php?act=category&op=shang&she=2&order=1&key=3 ( act=category&op=shang ) 
ERR: Db Error: Unknown column 'goods_price' in 'order clause'
SELECT * FROM `wteflhvr_ouxiang`.`shopnc_goods_sheji` ORDER BY goods_price asc LIMIT 0,16  
[2015-10-28 04:47:10] /shop/index.php?act=category&op=daigou&count=36&keyword= ( act=category&op=daigou ) 
ERR: Db Error: Unknown column 'goods_count' in 'where clause'
SELECT * FROM `wteflhvr_ouxiang`.`shopnc_store` WHERE ( goods_count = '36' ) AND ( store_state = '1' ) AND ( grade_id = '2' ) ORDER BY store_id desc LIMIT 16  
[2015-10-28 04:47:10] /shop/index.php?act=category&op=daigou&count=3&keyword= ( act=category&op=daigou ) 
ERR: Db Error: Unknown column 'goods_count' in 'where clause'
SELECT * FROM `wteflhvr_ouxiang`.`shopnc_store` WHERE ( goods_count = '3' ) AND ( store_state = '1' ) AND ( grade_id = '2' ) ORDER BY store_id desc LIMIT 16  
[2015-10-28 04:47:11] /shop/index.php?act=category&op=daigou&count=3&order=3 ( act=category&op=daigou ) 
ERR: Db Error: Unknown column 'goods_count' in 'where clause'
SELECT * FROM `wteflhvr_ouxiang`.`shopnc_store` WHERE ( goods_count = '3' ) AND ( store_state = '1' ) AND ( grade_id = '2' ) ORDER BY store_id desc LIMIT 16  
[2015-10-28 04:48:16] /shop/index.php?act=category&op=daigou&count=17&order=1 ( act=category&op=daigou ) 
ERR: Db Error: Unknown column 'goods_count' in 'where clause'
SELECT * FROM `wteflhvr_ouxiang`.`shopnc_store` WHERE ( goods_count = '17' ) AND ( store_state = '1' ) AND ( grade_id = '2' ) ORDER BY store_id desc LIMIT 16  
[2015-10-28 04:48:17] /shop/index.php?act=category&op=daigou&count=4&order=3 ( act=category&op=daigou ) 
ERR: Db Error: Unknown column 'goods_count' in 'where clause'
SELECT * FROM `wteflhvr_ouxiang`.`shopnc_store` WHERE ( goods_count = '4' ) AND ( store_state = '1' ) AND ( grade_id = '2' ) ORDER BY store_id desc LIMIT 16  
[2015-10-28 04:48:52] /shop/index.php?act=category&op=daigou&count=23&order=4 ( act=category&op=daigou ) 
ERR: Db Error: Unknown column 'goods_count' in 'where clause'
SELECT * FROM `wteflhvr_ouxiang`.`shopnc_store` WHERE ( goods_count = '23' ) AND ( store_state = '1' ) AND ( grade_id = '2' ) ORDER BY store_id desc LIMIT 16  
[2015-10-28 04:48:52] /shop/index.php?act=category&op=daigou&count=14&order=2 ( act=category&op=daigou ) 
ERR: Db Error: Unknown column 'goods_count' in 'where clause'
SELECT * FROM `wteflhvr_ouxiang`.`shopnc_store` WHERE ( goods_count = '14' ) AND ( store_state = '1' ) AND ( grade_id = '2' ) ORDER BY store_id desc LIMIT 16  
[2015-10-28 04:48:52] /shop/index.php?act=category&op=daigou&count=53&order=3 ( act=category&op=daigou ) 
ERR: Db Error: Unknown column 'goods_count' in 'where clause'
SELECT * FROM `wteflhvr_ouxiang`.`shopnc_store` WHERE ( goods_count = '53' ) AND ( store_state = '1' ) AND ( grade_id = '2' ) ORDER BY store_id desc LIMIT 16  
[2015-10-28 04:48:52] /shop/index.php?act=category&op=daigou&count=49&order=2 ( act=category&op=daigou ) 
ERR: Db Error: Unknown column 'goods_count' in 'where clause'
SELECT * FROM `wteflhvr_ouxiang`.`shopnc_store` WHERE ( goods_count = '49' ) AND ( store_state = '1' ) AND ( grade_id = '2' ) ORDER BY store_id desc LIMIT 16  
[2015-10-28 04:48:52] /shop/index.php?act=category&op=daigou&count=29&order=3&keyword= ( act=category&op=daigou ) 
ERR: Db Error: Unknown column 'goods_count' in 'where clause'
SELECT * FROM `wteflhvr_ouxiang`.`shopnc_store` WHERE ( goods_count = '29' ) AND ( store_state = '1' ) AND ( grade_id = '2' ) ORDER BY store_id desc LIMIT 16  
[2015-10-28 04:51:59] /shop/index.php?act=category&op=daigou&count=17&order=4&keyword= ( act=category&op=daigou ) 
ERR: Db Error: Unknown column 'goods_count' in 'where clause'
SELECT * FROM `wteflhvr_ouxiang`.`shopnc_store` WHERE ( goods_count = '17' ) AND ( store_state = '1' ) AND ( grade_id = '2' ) ORDER BY store_id desc LIMIT 16  
[2015-10-28 04:51:59] /shop/index.php?act=category&op=daigou&count=20&order=1&keyword= ( act=category&op=daigou ) 
ERR: Db Error: Unknown column 'goods_count' in 'where clause'
SELECT * FROM `wteflhvr_ouxiang`.`shopnc_store` WHERE ( goods_count = '20' ) AND ( store_state = '1' ) AND ( grade_id = '2' ) ORDER BY store_id desc LIMIT 16  
[2015-10-28 04:51:59] /shop/index.php?act=category&op=daigou&count=4&order=4&keyword= ( act=category&op=daigou ) 
ERR: Db Error: Unknown column 'goods_count' in 'where clause'
SELECT * FROM `wteflhvr_ouxiang`.`shopnc_store` WHERE ( goods_count = '4' ) AND ( store_state = '1' ) AND ( grade_id = '2' ) ORDER BY store_id desc LIMIT 16  
[2015-10-28 04:51:59] /shop/index.php?act=category&op=daigou&count=1&order=1&keyword= ( act=category&op=daigou ) 
ERR: Db Error: Unknown column 'goods_count' in 'where clause'
SELECT * FROM `wteflhvr_ouxiang`.`shopnc_store` WHERE ( goods_count = '1' ) AND ( store_state = '1' ) AND ( grade_id = '2' ) ORDER BY store_id desc LIMIT 16  
[2015-10-28 04:51:59] /shop/index.php?act=category&op=daigou&count=36&order=1&keyword= ( act=category&op=daigou ) 
ERR: Db Error: Unknown column 'goods_count' in 'where clause'
SELECT * FROM `wteflhvr_ouxiang`.`shopnc_store` WHERE ( goods_count = '36' ) AND ( store_state = '1' ) AND ( grade_id = '2' ) ORDER BY store_id desc LIMIT 16  
[2015-10-28 04:51:59] /shop/index.php?act=category&op=daigou&count=16&order=4&keyword= ( act=category&op=daigou ) 
ERR: Db Error: Unknown column 'goods_count' in 'where clause'
SELECT * FROM `wteflhvr_ouxiang`.`shopnc_store` WHERE ( goods_count = '16' ) AND ( store_state = '1' ) AND ( grade_id = '2' ) ORDER BY store_id desc LIMIT 16  
[2015-10-28 04:51:59] /shop/index.php?act=category&op=daigou&count=14&order=1&keyword= ( act=category&op=daigou ) 
ERR: Db Error: Unknown column 'goods_count' in 'where clause'
SELECT * FROM `wteflhvr_ouxiang`.`shopnc_store` WHERE ( goods_count = '14' ) AND ( store_state = '1' ) AND ( grade_id = '2' ) ORDER BY store_id desc LIMIT 16  
[2015-10-28 04:51:59] /shop/index.php?act=category&op=daigou&count=7&order=1&keyword= ( act=category&op=daigou ) 
ERR: Db Error: Unknown column 'goods_count' in 'where clause'
SELECT * FROM `wteflhvr_ouxiang`.`shopnc_store` WHERE ( goods_count = '7' ) AND ( store_state = '1' ) AND ( grade_id = '2' ) ORDER BY store_id desc LIMIT 16  
[2015-10-28 04:51:59] /shop/index.php?act=category&op=daigou&count=56&order=1&keyword= ( act=category&op=daigou ) 
ERR: Db Error: Unknown column 'goods_count' in 'where clause'
SELECT * FROM `wteflhvr_ouxiang`.`shopnc_store` WHERE ( goods_count = '56' ) AND ( store_state = '1' ) AND ( grade_id = '2' ) ORDER BY store_id desc LIMIT 16  
[2015-10-28 04:52:01] /shop/index.php?act=category&op=daigou&count=14&order=4&keyword= ( act=category&op=daigou ) 
ERR: Db Error: Unknown column 'goods_count' in 'where clause'
SELECT * FROM `wteflhvr_ouxiang`.`shopnc_store` WHERE ( goods_count = '14' ) AND ( store_state = '1' ) AND ( grade_id = '2' ) ORDER BY store_id desc LIMIT 16  
[2015-10-28 04:52:04] /shop/index.php?act=category&op=daigou&count=54&order=4&keyword= ( act=category&op=daigou ) 
ERR: Db Error: Unknown column 'goods_count' in 'where clause'
SELECT * FROM `wteflhvr_ouxiang`.`shopnc_store` WHERE ( goods_count = '54' ) AND ( store_state = '1' ) AND ( grade_id = '2' ) ORDER BY store_id desc LIMIT 16  
[2015-10-28 04:54:43] /shop/index.php?act=category&op=daigou&count=3&order=3 ( act=category&op=daigou ) 
ERR: Db Error: Unknown column 'goods_count' in 'where clause'
SELECT * FROM `wteflhvr_ouxiang`.`shopnc_store` WHERE ( goods_count = '3' ) AND ( store_state = '1' ) AND ( grade_id = '2' ) ORDER BY store_id desc LIMIT 16  
[2015-10-28 04:55:31] /shop/index.php?act=category&op=daigou&count=14&order=2 ( act=category&op=daigou ) 
ERR: Db Error: Unknown column 'goods_count' in 'where clause'
SELECT * FROM `wteflhvr_ouxiang`.`shopnc_store` WHERE ( goods_count = '14' ) AND ( store_state = '1' ) AND ( grade_id = '2' ) ORDER BY store_id desc LIMIT 16  
[2015-10-28 04:55:32] /shop/index.php?act=category&op=daigou&count=29&order=3&keyword= ( act=category&op=daigou ) 
ERR: Db Error: Unknown column 'goods_count' in 'where clause'
SELECT * FROM `wteflhvr_ouxiang`.`shopnc_store` WHERE ( goods_count = '29' ) AND ( store_state = '1' ) AND ( grade_id = '2' ) ORDER BY store_id desc LIMIT 16  
[2015-10-28 05:01:03] /shop/index.php?act=category&op=daigou&count=54&order=4&keyword= ( act=category&op=daigou ) 
ERR: Db Error: Unknown column 'goods_count' in 'where clause'
SELECT * FROM `wteflhvr_ouxiang`.`shopnc_store` WHERE ( goods_count = '54' ) AND ( store_state = '1' ) AND ( grade_id = '2' ) ORDER BY store_id desc LIMIT 16  
[2015-10-28 05:01:03] /shop/index.php?act=category&op=daigou&count=36&order=1&keyword= ( act=category&op=daigou ) 
ERR: Db Error: Unknown column 'goods_count' in 'where clause'
SELECT * FROM `wteflhvr_ouxiang`.`shopnc_store` WHERE ( goods_count = '36' ) AND ( store_state = '1' ) AND ( grade_id = '2' ) ORDER BY store_id desc LIMIT 16  
[2015-10-28 08:07:28] /shop/index.php?act=category&op=sd&stype=1&count=2&order=2 ( act=category&op=sd ) 
ERR: Db Error: Unknown column 'goods_count' in 'where clause'
SELECT * FROM `wteflhvr_ouxiang`.`shopnc_store` WHERE ( goods_count = '2' ) AND ( store_state = '1' ) AND ( grade_id = '3' ) ORDER BY store_id desc LIMIT 16  
[2015-10-28 08:08:40] /shop/index.php?act=category&op=sd&count=45&order=3 ( act=category&op=sd ) 
ERR: Db Error: Unknown column 'goods_count' in 'where clause'
SELECT * FROM `wteflhvr_ouxiang`.`shopnc_store` WHERE ( goods_count = '45' ) AND ( store_state = '1' ) AND ( grade_id = '3' ) ORDER BY store_id desc LIMIT 16  
[2015-10-28 08:10:03] /shop/index.php?act=category&op=daigou&count=10&keyword=&order=2 ( act=category&op=daigou ) 
ERR: Db Error: Unknown column 'goods_count' in 'where clause'
SELECT * FROM `wteflhvr_ouxiang`.`shopnc_store` WHERE ( goods_count = '10' ) AND ( store_state = '1' ) AND ( grade_id = '2' ) ORDER BY store_id desc LIMIT 16  
[2015-10-28 08:10:03] /shop/index.php?act=category&op=daigou&count=20&keyword=&order=2 ( act=category&op=daigou ) 
ERR: Db Error: Unknown column 'goods_count' in 'where clause'
SELECT * FROM `wteflhvr_ouxiang`.`shopnc_store` WHERE ( goods_count = '20' ) AND ( store_state = '1' ) AND ( grade_id = '2' ) ORDER BY store_id desc LIMIT 16  
[2015-10-28 08:10:03] /shop/index.php?act=category&op=daigou&count=14&keyword=&order=2 ( act=category&op=daigou ) 
ERR: Db Error: Unknown column 'goods_count' in 'where clause'
SELECT * FROM `wteflhvr_ouxiang`.`shopnc_store` WHERE ( goods_count = '14' ) AND ( store_state = '1' ) AND ( grade_id = '2' ) ORDER BY store_id desc LIMIT 16  
[2015-10-28 08:10:03] /shop/index.php?act=category&op=daigou&count=35&keyword=&order=3 ( act=category&op=daigou ) 
ERR: Db Error: Unknown column 'goods_count' in 'where clause'
SELECT * FROM `wteflhvr_ouxiang`.`shopnc_store` WHERE ( goods_count = '35' ) AND ( store_state = '1' ) AND ( grade_id = '2' ) ORDER BY store_id desc LIMIT 16  
[2015-10-28 08:10:03] /shop/index.php?act=category&op=daigou&count=17&keyword=&order=3 ( act=category&op=daigou ) 
ERR: Db Error: Unknown column 'goods_count' in 'where clause'
SELECT * FROM `wteflhvr_ouxiang`.`shopnc_store` WHERE ( goods_count = '17' ) AND ( store_state = '1' ) AND ( grade_id = '2' ) ORDER BY store_id desc LIMIT 16  
[2015-10-28 08:10:03] /shop/index.php?act=category&op=daigou&count=13&keyword=&order=3 ( act=category&op=daigou ) 
ERR: Db Error: Unknown column 'goods_count' in 'where clause'
SELECT * FROM `wteflhvr_ouxiang`.`shopnc_store` WHERE ( goods_count = '13' ) AND ( store_state = '1' ) AND ( grade_id = '2' ) ORDER BY store_id desc LIMIT 16  
[2015-10-28 08:10:03] /shop/index.php?act=category&op=daigou&count=13&keyword=&order=2 ( act=category&op=daigou ) 
ERR: Db Error: Unknown column 'goods_count' in 'where clause'
SELECT * FROM `wteflhvr_ouxiang`.`shopnc_store` WHERE ( goods_count = '13' ) AND ( store_state = '1' ) AND ( grade_id = '2' ) ORDER BY store_id desc LIMIT 16  
[2015-10-28 08:10:03] /shop/index.php?act=category&op=daigou&count=36&keyword=&order=4 ( act=category&op=daigou ) 
ERR: Db Error: Unknown column 'goods_count' in 'where clause'
SELECT * FROM `wteflhvr_ouxiang`.`shopnc_store` WHERE ( goods_count = '36' ) AND ( store_state = '1' ) AND ( grade_id = '2' ) ORDER BY store_id desc LIMIT 16  
[2015-10-28 08:16:39] /shop/index.php?act=category&op=daigou&count=36&keyword=&order=4 ( act=category&op=daigou ) 
ERR: Db Error: Unknown column 'goods_count' in 'where clause'
SELECT * FROM `wteflhvr_ouxiang`.`shopnc_store` WHERE ( goods_count = '36' ) AND ( store_state = '1' ) AND ( grade_id = '2' ) ORDER BY store_id desc LIMIT 16  
[2015-10-28 12:14:11] /shop/index.php?act=category&op=sd&count=4 ( act=category&op=sd ) 
ERR: Db Error: Unknown column 'goods_count' in 'where clause'
SELECT * FROM `wteflhvr_ouxiang`.`shopnc_store` WHERE ( goods_count = '4' ) AND ( store_state = '1' ) AND ( grade_id = '3' ) ORDER BY store_id desc LIMIT 16  
[2015-10-28 12:16:40] /shop/index.php?act=category&op=sd&count=54 ( act=category&op=sd ) 
ERR: Db Error: Unknown column 'goods_count' in 'where clause'
SELECT * FROM `wteflhvr_ouxiang`.`shopnc_store` WHERE ( goods_count = '54' ) AND ( store_state = '1' ) AND ( grade_id = '3' ) ORDER BY store_id desc LIMIT 16  
[2015-10-28 12:19:52] /shop/index.php?act=category&op=sd&count=3 ( act=category&op=sd ) 
ERR: Db Error: Unknown column 'goods_count' in 'where clause'
SELECT * FROM `wteflhvr_ouxiang`.`shopnc_store` WHERE ( goods_count = '3' ) AND ( store_state = '1' ) AND ( grade_id = '3' ) ORDER BY store_id desc LIMIT 16  
[2015-10-28 12:21:51] /shop/index.php?act=category&op=sd&count=36 ( act=category&op=sd ) 
ERR: Db Error: Unknown column 'goods_count' in 'where clause'
SELECT * FROM `wteflhvr_ouxiang`.`shopnc_store` WHERE ( goods_count = '36' ) AND ( store_state = '1' ) AND ( grade_id = '3' ) ORDER BY store_id desc LIMIT 16  
[2015-10-28 12:26:05] /shop/index.php?act=category&op=sd&count=7 ( act=category&op=sd ) 
ERR: Db Error: Unknown column 'goods_count' in 'where clause'
SELECT * FROM `wteflhvr_ouxiang`.`shopnc_store` WHERE ( goods_count = '7' ) AND ( store_state = '1' ) AND ( grade_id = '3' ) ORDER BY store_id desc LIMIT 16  
[2015-10-28 12:28:57] /shop/index.php?act=category&op=sd&count=45 ( act=category&op=sd ) 
ERR: Db Error: Unknown column 'goods_count' in 'where clause'
SELECT * FROM `wteflhvr_ouxiang`.`shopnc_store` WHERE ( goods_count = '45' ) AND ( store_state = '1' ) AND ( grade_id = '3' ) ORDER BY store_id desc LIMIT 16  
[2015-10-28 12:31:12] /shop/index.php?act=category&op=sd&count=17 ( act=category&op=sd ) 
ERR: Db Error: Unknown column 'goods_count' in 'where clause'
SELECT * FROM `wteflhvr_ouxiang`.`shopnc_store` WHERE ( goods_count = '17' ) AND ( store_state = '1' ) AND ( grade_id = '3' ) ORDER BY store_id desc LIMIT 16  
[2015-10-28 13:00:30] /shop/index.php?act=category&op=sd&count=13 ( act=category&op=sd ) 
ERR: Db Error: Unknown column 'goods_count' in 'where clause'
SELECT * FROM `wteflhvr_ouxiang`.`shopnc_store` WHERE ( goods_count = '13' ) AND ( store_state = '1' ) AND ( grade_id = '3' ) ORDER BY store_id desc LIMIT 16  
[2015-10-28 13:01:20] /shop/index.php?act=category&op=sd&count=14 ( act=category&op=sd ) 
ERR: Db Error: Unknown column 'goods_count' in 'where clause'
SELECT * FROM `wteflhvr_ouxiang`.`shopnc_store` WHERE ( goods_count = '14' ) AND ( store_state = '1' ) AND ( grade_id = '3' ) ORDER BY store_id desc LIMIT 16  
[2015-10-28 13:14:13] /shop/index.php?act=category&op=sd&count=35 ( act=category&op=sd ) 
ERR: Db Error: Unknown column 'goods_count' in 'where clause'
SELECT * FROM `wteflhvr_ouxiang`.`shopnc_store` WHERE ( goods_count = '35' ) AND ( store_state = '1' ) AND ( grade_id = '3' ) ORDER BY store_id desc LIMIT 16  
[2015-10-28 13:20:15] /shop/index.php?act=category&op=sd&count=23 ( act=category&op=sd ) 
ERR: Db Error: Unknown column 'goods_count' in 'where clause'
SELECT * FROM `wteflhvr_ouxiang`.`shopnc_store` WHERE ( goods_count = '23' ) AND ( store_state = '1' ) AND ( grade_id = '3' ) ORDER BY store_id desc LIMIT 16  
[2015-10-28 14:08:17] /shop/index.php?act=category&op=sd&count=56 ( act=category&op=sd ) 
ERR: Db Error: Unknown column 'goods_count' in 'where clause'
SELECT * FROM `wteflhvr_ouxiang`.`shopnc_store` WHERE ( goods_count = '56' ) AND ( store_state = '1' ) AND ( grade_id = '3' ) ORDER BY store_id desc LIMIT 16  
[2015-10-28 14:17:41] /shop/index.php?act=category&op=sd&count=2 ( act=category&op=sd ) 
ERR: Db Error: Unknown column 'goods_count' in 'where clause'
SELECT * FROM `wteflhvr_ouxiang`.`shopnc_store` WHERE ( goods_count = '2' ) AND ( store_state = '1' ) AND ( grade_id = '3' ) ORDER BY store_id desc LIMIT 16  
[2015-10-28 21:20:40] /shop/index.php?act=show_store&op=taolun&store_id=8 ( act=show_store&op=taolun ) 
ERR: Db Error: You have an error in your SQL syntax; check the manual that corresponds to your MySQL server version for the right syntax to use near 'LIMIT 1' at line 1
SELECT count_images FROM `wteflhvr_ouxiang`.`shopnc_count` WHERE count_id= LIMIT 1  
[2015-10-28 21:52:57] /shop/index.php?act=category&op=sd&order=2&count=35 ( act=category&op=sd ) 
ERR: Db Error: Unknown column 'goods_count' in 'where clause'
SELECT * FROM `wteflhvr_ouxiang`.`shopnc_store` WHERE ( goods_count = '35' ) AND ( store_state = '1' ) AND ( grade_id = '3' ) ORDER BY store_id desc LIMIT 16  
[2015-10-28 21:53:23] /shop/index.php?act=show_store&op=taolun&store_id=7 ( act=show_store&op=taolun ) 
ERR: Db Error: You have an error in your SQL syntax; check the manual that corresponds to your MySQL server version for the right syntax to use near 'LIMIT 1' at line 1
SELECT count_images FROM `wteflhvr_ouxiang`.`shopnc_count` WHERE count_id= LIMIT 1  
[2015-10-28 21:53:24] /shop/index.php?act=category&op=daigou&count=54 ( act=category&op=daigou ) 
ERR: Db Error: Unknown column 'goods_count' in 'where clause'
SELECT * FROM `wteflhvr_ouxiang`.`shopnc_store` WHERE ( goods_count = '54' ) AND ( store_state = '1' ) AND ( grade_id = '2' ) ORDER BY store_id desc LIMIT 16  
[2015-10-28 21:53:28] /shop/index.php?act=category&op=daigou&count=23 ( act=category&op=daigou ) 
ERR: Db Error: Unknown column 'goods_count' in 'where clause'
SELECT * FROM `wteflhvr_ouxiang`.`shopnc_store` WHERE ( goods_count = '23' ) AND ( store_state = '1' ) AND ( grade_id = '2' ) ORDER BY store_id desc LIMIT 16  
[2015-10-28 21:54:18] /shop/index.php?act=category&op=daigou&count=14 ( act=category&op=daigou ) 
ERR: Db Error: Unknown column 'goods_count' in 'where clause'
SELECT * FROM `wteflhvr_ouxiang`.`shopnc_store` WHERE ( goods_count = '14' ) AND ( store_state = '1' ) AND ( grade_id = '2' ) ORDER BY store_id desc LIMIT 16  
[2015-10-28 21:54:28] /shop/index.php?act=category&op=daigou&count=53 ( act=category&op=daigou ) 
ERR: Db Error: Unknown column 'goods_count' in 'where clause'
SELECT * FROM `wteflhvr_ouxiang`.`shopnc_store` WHERE ( goods_count = '53' ) AND ( store_state = '1' ) AND ( grade_id = '2' ) ORDER BY store_id desc LIMIT 16  
[2015-10-28 21:54:45] /shop/index.php?act=category&op=daigou&count=20 ( act=category&op=daigou ) 
ERR: Db Error: Unknown column 'goods_count' in 'where clause'
SELECT * FROM `wteflhvr_ouxiang`.`shopnc_store` WHERE ( goods_count = '20' ) AND ( store_state = '1' ) AND ( grade_id = '2' ) ORDER BY store_id desc LIMIT 16  
[2015-10-28 21:57:32] /shop/index.php?act=category&op=daigou&count=35 ( act=category&op=daigou ) 
ERR: Db Error: Unknown column 'goods_count' in 'where clause'
SELECT * FROM `wteflhvr_ouxiang`.`shopnc_store` WHERE ( goods_count = '35' ) AND ( store_state = '1' ) AND ( grade_id = '2' ) ORDER BY store_id desc LIMIT 16  
[2015-10-28 21:57:38] /shop/index.php?act=category&op=daigou&count=56 ( act=category&op=daigou ) 
ERR: Db Error: Unknown column 'goods_count' in 'where clause'
SELECT * FROM `wteflhvr_ouxiang`.`shopnc_store` WHERE ( goods_count = '56' ) AND ( store_state = '1' ) AND ( grade_id = '2' ) ORDER BY store_id desc LIMIT 16  
[2015-10-28 21:58:09] /shop/index.php?act=category&op=daigou&count=17 ( act=category&op=daigou ) 
ERR: Db Error: Unknown column 'goods_count' in 'where clause'
SELECT * FROM `wteflhvr_ouxiang`.`shopnc_store` WHERE ( goods_count = '17' ) AND ( store_state = '1' ) AND ( grade_id = '2' ) ORDER BY store_id desc LIMIT 16  
[2015-10-28 21:58:14] /shop/index.php?act=category&op=daigou&count=10 ( act=category&op=daigou ) 
ERR: Db Error: Unknown column 'goods_count' in 'where clause'
SELECT * FROM `wteflhvr_ouxiang`.`shopnc_store` WHERE ( goods_count = '10' ) AND ( store_state = '1' ) AND ( grade_id = '2' ) ORDER BY store_id desc LIMIT 16  
[2015-10-28 21:58:19] /shop/index.php?act=category&op=daigou&count=1 ( act=category&op=daigou ) 
ERR: Db Error: Unknown column 'goods_count' in 'where clause'
SELECT * FROM `wteflhvr_ouxiang`.`shopnc_store` WHERE ( goods_count = '1' ) AND ( store_state = '1' ) AND ( grade_id = '2' ) ORDER BY store_id desc LIMIT 16  
[2015-10-28 21:58:38] /shop/index.php?act=category&op=sd&count=13&order=1 ( act=category&op=sd ) 
ERR: Db Error: Unknown column 'goods_count' in 'where clause'
SELECT * FROM `wteflhvr_ouxiang`.`shopnc_store` WHERE ( goods_count = '13' ) AND ( store_state = '1' ) AND ( grade_id = '3' ) ORDER BY store_id desc LIMIT 16  
[2015-10-28 21:58:45] /shop/index.php?act=category&op=daigou&count=7 ( act=category&op=daigou ) 
ERR: Db Error: Unknown column 'goods_count' in 'where clause'
SELECT * FROM `wteflhvr_ouxiang`.`shopnc_store` WHERE ( goods_count = '7' ) AND ( store_state = '1' ) AND ( grade_id = '2' ) ORDER BY store_id desc LIMIT 16  
[2015-10-28 21:59:50] /shop/index.php?act=category&op=daigou&count=45 ( act=category&op=daigou ) 
ERR: Db Error: Unknown column 'goods_count' in 'where clause'
SELECT * FROM `wteflhvr_ouxiang`.`shopnc_store` WHERE ( goods_count = '45' ) AND ( store_state = '1' ) AND ( grade_id = '2' ) ORDER BY store_id desc LIMIT 16  
[2015-10-28 21:59:54] /shop/index.php?act=category&op=daigou&count=13 ( act=category&op=daigou ) 
ERR: Db Error: Unknown column 'goods_count' in 'where clause'
SELECT * FROM `wteflhvr_ouxiang`.`shopnc_store` WHERE ( goods_count = '13' ) AND ( store_state = '1' ) AND ( grade_id = '2' ) ORDER BY store_id desc LIMIT 16  
[2015-10-28 21:59:58] /shop/index.php?act=category&op=daigou&count=2 ( act=category&op=daigou ) 
ERR: Db Error: Unknown column 'goods_count' in 'where clause'
SELECT * FROM `wteflhvr_ouxiang`.`shopnc_store` WHERE ( goods_count = '2' ) AND ( store_state = '1' ) AND ( grade_id = '2' ) ORDER BY store_id desc LIMIT 16  
[2015-10-28 22:06:14] /shop/index.php?act=category&op=daigou&count=49 ( act=category&op=daigou ) 
ERR: Db Error: Unknown column 'goods_count' in 'where clause'
SELECT * FROM `wteflhvr_ouxiang`.`shopnc_store` WHERE ( goods_count = '49' ) AND ( store_state = '1' ) AND ( grade_id = '2' ) ORDER BY store_id desc LIMIT 16  
[2015-10-28 22:08:12] /shop/index.php?act=category&op=daigou&count=16 ( act=category&op=daigou ) 
ERR: Db Error: Unknown column 'goods_count' in 'where clause'
SELECT * FROM `wteflhvr_ouxiang`.`shopnc_store` WHERE ( goods_count = '16' ) AND ( store_state = '1' ) AND ( grade_id = '2' ) ORDER BY store_id desc LIMIT 16  
[2015-10-28 22:09:25] /shop/index.php?act=category&op=sd&stype=1&order=3&count=56 ( act=category&op=sd ) 
ERR: Db Error: Unknown column 'goods_count' in 'where clause'
SELECT * FROM `wteflhvr_ouxiang`.`shopnc_store` WHERE ( goods_count = '56' ) AND ( store_state = '1' ) AND ( grade_id = '3' ) ORDER BY store_id desc LIMIT 16  
[2015-10-28 22:12:12] /shop/index.php?act=category&op=sd&stype=1&order=2&count=10 ( act=category&op=sd ) 
ERR: Db Error: Unknown column 'goods_count' in 'where clause'
SELECT * FROM `wteflhvr_ouxiang`.`shopnc_store` WHERE ( goods_count = '10' ) AND ( store_state = '1' ) AND ( grade_id = '3' ) ORDER BY store_id desc LIMIT 16  
[2015-10-28 22:12:21] /shop/index.php?act=category&op=sd&stype=1&count=13&order=1 ( act=category&op=sd ) 
ERR: Db Error: Unknown column 'goods_count' in 'where clause'
SELECT * FROM `wteflhvr_ouxiang`.`shopnc_store` WHERE ( goods_count = '13' ) AND ( store_state = '1' ) AND ( grade_id = '3' ) ORDER BY store_id desc LIMIT 16  
[2015-10-28 22:13:09] /shop/index.php?act=category&op=sd&stype=1&order=3&count=20 ( act=category&op=sd ) 
ERR: Db Error: Unknown column 'goods_count' in 'where clause'
SELECT * FROM `wteflhvr_ouxiang`.`shopnc_store` WHERE ( goods_count = '20' ) AND ( store_state = '1' ) AND ( grade_id = '3' ) ORDER BY store_id desc LIMIT 16  
[2015-10-28 22:13:24] /shop/index.php?act=category&op=sd&stype=1&order=4&count=13 ( act=category&op=sd ) 
ERR: Db Error: Unknown column 'goods_count' in 'where clause'
SELECT * FROM `wteflhvr_ouxiang`.`shopnc_store` WHERE ( goods_count = '13' ) AND ( store_state = '1' ) AND ( grade_id = '3' ) ORDER BY store_id desc LIMIT 16  
[2015-10-28 22:14:01] /shop/index.php?act=category&op=sd&stype=1&order=2&count=56 ( act=category&op=sd ) 
ERR: Db Error: Unknown column 'goods_count' in 'where clause'
SELECT * FROM `wteflhvr_ouxiang`.`shopnc_store` WHERE ( goods_count = '56' ) AND ( store_state = '1' ) AND ( grade_id = '3' ) ORDER BY store_id desc LIMIT 16  
[2015-10-28 22:17:37] /shop/index.php?act=category&op=sd&stype=1&order=3&count=10 ( act=category&op=sd ) 
ERR: Db Error: Unknown column 'goods_count' in 'where clause'
SELECT * FROM `wteflhvr_ouxiang`.`shopnc_store` WHERE ( goods_count = '10' ) AND ( store_state = '1' ) AND ( grade_id = '3' ) ORDER BY store_id desc LIMIT 16  
[2015-10-28 22:17:48] /shop/index.php?act=category&op=sd&stype=1&count=17&order=4 ( act=category&op=sd ) 
ERR: Db Error: Unknown column 'goods_count' in 'where clause'
SELECT * FROM `wteflhvr_ouxiang`.`shopnc_store` WHERE ( goods_count = '17' ) AND ( store_state = '1' ) AND ( grade_id = '3' ) ORDER BY store_id desc LIMIT 16  
[2015-10-28 22:18:02] /shop/index.php?act=category&op=sd&stype=1&order=4&count=1 ( act=category&op=sd ) 
ERR: Db Error: Unknown column 'goods_count' in 'where clause'
SELECT * FROM `wteflhvr_ouxiang`.`shopnc_store` WHERE ( goods_count = '1' ) AND ( store_state = '1' ) AND ( grade_id = '3' ) ORDER BY store_id desc LIMIT 16  
[2015-10-28 22:18:04] /shop/index.php?act=category&op=sd&stype=1&order=2&count=29 ( act=category&op=sd ) 
ERR: Db Error: Unknown column 'goods_count' in 'where clause'
SELECT * FROM `wteflhvr_ouxiang`.`shopnc_store` WHERE ( goods_count = '29' ) AND ( store_state = '1' ) AND ( grade_id = '3' ) ORDER BY store_id desc LIMIT 16  
[2015-10-28 22:18:33] /shop/index.php?act=category&op=sd&stype=1&count=36&order=2 ( act=category&op=sd ) 
ERR: Db Error: Unknown column 'goods_count' in 'where clause'
SELECT * FROM `wteflhvr_ouxiang`.`shopnc_store` WHERE ( goods_count = '36' ) AND ( store_state = '1' ) AND ( grade_id = '3' ) ORDER BY store_id desc LIMIT 16  
[2015-10-28 22:18:41] /shop/index.php?act=category&op=sd&stype=1&order=4&count=23 ( act=category&op=sd ) 
ERR: Db Error: Unknown column 'goods_count' in 'where clause'
SELECT * FROM `wteflhvr_ouxiang`.`shopnc_store` WHERE ( goods_count = '23' ) AND ( store_state = '1' ) AND ( grade_id = '3' ) ORDER BY store_id desc LIMIT 16  
[2015-10-28 22:18:55] /shop/index.php?act=category&op=sd&stype=1&order=3&count=45 ( act=category&op=sd ) 
ERR: Db Error: Unknown column 'goods_count' in 'where clause'
SELECT * FROM `wteflhvr_ouxiang`.`shopnc_store` WHERE ( goods_count = '45' ) AND ( store_state = '1' ) AND ( grade_id = '3' ) ORDER BY store_id desc LIMIT 16  
[2015-10-28 22:18:57] /shop/index.php?act=category&op=sd&stype=1&count=14&order=1 ( act=category&op=sd ) 
ERR: Db Error: Unknown column 'goods_count' in 'where clause'
SELECT * FROM `wteflhvr_ouxiang`.`shopnc_store` WHERE ( goods_count = '14' ) AND ( store_state = '1' ) AND ( grade_id = '3' ) ORDER BY store_id desc LIMIT 16  
[2015-10-28 22:18:58] /shop/index.php?act=category&op=sd&stype=1&order=2&count=16 ( act=category&op=sd ) 
ERR: Db Error: Unknown column 'goods_count' in 'where clause'
SELECT * FROM `wteflhvr_ouxiang`.`shopnc_store` WHERE ( goods_count = '16' ) AND ( store_state = '1' ) AND ( grade_id = '3' ) ORDER BY store_id desc LIMIT 16  
[2015-10-28 22:21:52] /shop/index.php?act=category&op=sd&stype=1&order=4&count=49 ( act=category&op=sd ) 
ERR: Db Error: Unknown column 'goods_count' in 'where clause'
SELECT * FROM `wteflhvr_ouxiang`.`shopnc_store` WHERE ( goods_count = '49' ) AND ( store_state = '1' ) AND ( grade_id = '3' ) ORDER BY store_id desc LIMIT 16  
[2015-10-28 22:21:56] /shop/index.php?act=category&op=sd&stype=1&order=4&count=4 ( act=category&op=sd ) 
ERR: Db Error: Unknown column 'goods_count' in 'where clause'
SELECT * FROM `wteflhvr_ouxiang`.`shopnc_store` WHERE ( goods_count = '4' ) AND ( store_state = '1' ) AND ( grade_id = '3' ) ORDER BY store_id desc LIMIT 16  
[2015-10-28 22:22:00] /shop/index.php?act=category&op=sd&stype=1&count=3&order=2 ( act=category&op=sd ) 
ERR: Db Error: Unknown column 'goods_count' in 'where clause'
SELECT * FROM `wteflhvr_ouxiang`.`shopnc_store` WHERE ( goods_count = '3' ) AND ( store_state = '1' ) AND ( grade_id = '3' ) ORDER BY store_id desc LIMIT 16  
[2015-10-28 22:22:01] /shop/index.php?act=category&op=sd&stype=1&order=3&count=13 ( act=category&op=sd ) 
ERR: Db Error: Unknown column 'goods_count' in 'where clause'
SELECT * FROM `wteflhvr_ouxiang`.`shopnc_store` WHERE ( goods_count = '13' ) AND ( store_state = '1' ) AND ( grade_id = '3' ) ORDER BY store_id desc LIMIT 16  
[2015-10-28 22:22:09] /shop/index.php?act=category&op=sd&stype=1&order=3&count=4 ( act=category&op=sd ) 
ERR: Db Error: Unknown column 'goods_count' in 'where clause'
SELECT * FROM `wteflhvr_ouxiang`.`shopnc_store` WHERE ( goods_count = '4' ) AND ( store_state = '1' ) AND ( grade_id = '3' ) ORDER BY store_id desc LIMIT 16  
[2015-10-28 22:22:11] /shop/index.php?act=category&op=sd&stype=1&order=2&count=4 ( act=category&op=sd ) 
ERR: Db Error: Unknown column 'goods_count' in 'where clause'
SELECT * FROM `wteflhvr_ouxiang`.`shopnc_store` WHERE ( goods_count = '4' ) AND ( store_state = '1' ) AND ( grade_id = '3' ) ORDER BY store_id desc LIMIT 16  
[2015-10-28 22:22:16] /shop/index.php?act=category&op=sd&stype=1&count=45&order=4 ( act=category&op=sd ) 
ERR: Db Error: Unknown column 'goods_count' in 'where clause'
SELECT * FROM `wteflhvr_ouxiang`.`shopnc_store` WHERE ( goods_count = '45' ) AND ( store_state = '1' ) AND ( grade_id = '3' ) ORDER BY store_id desc LIMIT 16  
[2015-10-28 22:22:17] /shop/index.php?act=category&op=sd&stype=1&count=36&order=4 ( act=category&op=sd ) 
ERR: Db Error: Unknown column 'goods_count' in 'where clause'
SELECT * FROM `wteflhvr_ouxiang`.`shopnc_store` WHERE ( goods_count = '36' ) AND ( store_state = '1' ) AND ( grade_id = '3' ) ORDER BY store_id desc LIMIT 16  
[2015-10-28 22:22:23] /shop/index.php?act=category&op=sd&stype=1&count=17&order=2 ( act=category&op=sd ) 
ERR: Db Error: Unknown column 'goods_count' in 'where clause'
SELECT * FROM `wteflhvr_ouxiang`.`shopnc_store` WHERE ( goods_count = '17' ) AND ( store_state = '1' ) AND ( grade_id = '3' ) ORDER BY store_id desc LIMIT 16  
[2015-10-28 22:27:39] /shop/index.php?act=category&op=sd&order=3&count=56 ( act=category&op=sd ) 
ERR: Db Error: Unknown column 'goods_count' in 'where clause'
SELECT * FROM `wteflhvr_ouxiang`.`shopnc_store` WHERE ( goods_count = '56' ) AND ( store_state = '1' ) AND ( grade_id = '3' ) ORDER BY store_id desc LIMIT 16  
[2015-10-28 22:28:04] /shop/index.php?act=category&op=sd&stype=1&count=10&order=4 ( act=category&op=sd ) 
ERR: Db Error: Unknown column 'goods_count' in 'where clause'
SELECT * FROM `wteflhvr_ouxiang`.`shopnc_store` WHERE ( goods_count = '10' ) AND ( store_state = '1' ) AND ( grade_id = '3' ) ORDER BY store_id desc LIMIT 16  
[2015-10-28 22:32:17] /shop/index.php?act=category&op=sd&stype=1&count=35&order=3 ( act=category&op=sd ) 
ERR: Db Error: Unknown column 'goods_count' in 'where clause'
SELECT * FROM `wteflhvr_ouxiang`.`shopnc_store` WHERE ( goods_count = '35' ) AND ( store_state = '1' ) AND ( grade_id = '3' ) ORDER BY store_id desc LIMIT 16  
[2015-10-28 22:32:26] /shop/index.php?act=category&op=sd&stype=1&count=49&order=1 ( act=category&op=sd ) 
ERR: Db Error: Unknown column 'goods_count' in 'where clause'
SELECT * FROM `wteflhvr_ouxiang`.`shopnc_store` WHERE ( goods_count = '49' ) AND ( store_state = '1' ) AND ( grade_id = '3' ) ORDER BY store_id desc LIMIT 16  
[2015-10-28 22:43:22] /shop/index.php?act=category&op=sd&stype=1&count=54&order=3 ( act=category&op=sd ) 
ERR: Db Error: Unknown column 'goods_count' in 'where clause'
SELECT * FROM `wteflhvr_ouxiang`.`shopnc_store` WHERE ( goods_count = '54' ) AND ( store_state = '1' ) AND ( grade_id = '3' ) ORDER BY store_id desc LIMIT 16  
[2015-10-28 23:02:02] /shop/index.php?act=category&op=sd&stype=1&count=23&order=2 ( act=category&op=sd ) 
ERR: Db Error: Unknown column 'goods_count' in 'where clause'
SELECT * FROM `wteflhvr_ouxiang`.`shopnc_store` WHERE ( goods_count = '23' ) AND ( store_state = '1' ) AND ( grade_id = '3' ) ORDER BY store_id desc LIMIT 16  
[2015-10-28 23:02:56] /shop/index.php?act=category&op=shang&order=2&key=3 ( act=category&op=shang ) 
ERR: Db Error: Unknown column 'goods_price' in 'order clause'
SELECT * FROM `wteflhvr_ouxiang`.`shopnc_goods_sheji` ORDER BY goods_price desc LIMIT 0,16  
[2015-10-28 23:06:50] /shop/index.php?act=category&op=sd&stype=1&count=35&order=1 ( act=category&op=sd ) 
ERR: Db Error: Unknown column 'goods_count' in 'where clause'
SELECT * FROM `wteflhvr_ouxiang`.`shopnc_store` WHERE ( goods_count = '35' ) AND ( store_state = '1' ) AND ( grade_id = '3' ) ORDER BY store_id desc LIMIT 16  
[2015-10-28 23:07:23] /shop/index.php?act=category&op=shang&order=1&key=3 ( act=category&op=shang ) 
ERR: Db Error: Unknown column 'goods_price' in 'order clause'
SELECT * FROM `wteflhvr_ouxiang`.`shopnc_goods_sheji` ORDER BY goods_price asc LIMIT 0,16  
[2015-10-28 23:08:14] /shop/index.php?act=category&op=sd&stype=1&count=54&order=1 ( act=category&op=sd ) 
ERR: Db Error: Unknown column 'goods_count' in 'where clause'
SELECT * FROM `wteflhvr_ouxiang`.`shopnc_store` WHERE ( goods_count = '54' ) AND ( store_state = '1' ) AND ( grade_id = '3' ) ORDER BY store_id desc LIMIT 16  
[2015-10-28 23:08:36] /shop/index.php?act=category&op=sd&order=3&count=3 ( act=category&op=sd ) 
ERR: Db Error: Unknown column 'goods_count' in 'where clause'
SELECT * FROM `wteflhvr_ouxiang`.`shopnc_store` WHERE ( goods_count = '3' ) AND ( store_state = '1' ) AND ( grade_id = '3' ) ORDER BY store_id desc LIMIT 16  
[2015-10-28 23:27:36] /shop/index.php?act=category&op=sd&stype=1&count=56&order=1 ( act=category&op=sd ) 
ERR: Db Error: Unknown column 'goods_count' in 'where clause'
SELECT * FROM `wteflhvr_ouxiang`.`shopnc_store` WHERE ( goods_count = '56' ) AND ( store_state = '1' ) AND ( grade_id = '3' ) ORDER BY store_id desc LIMIT 16  
[2015-10-28 23:32:45] /shop/index.php?act=category&op=sd&order=3&count=10 ( act=category&op=sd ) 
ERR: Db Error: Unknown column 'goods_count' in 'where clause'
SELECT * FROM `wteflhvr_ouxiang`.`shopnc_store` WHERE ( goods_count = '10' ) AND ( store_state = '1' ) AND ( grade_id = '3' ) ORDER BY store_id desc LIMIT 16  
[2015-10-28 23:37:14] /shop/index.php?act=category&op=shang&order=2&key=1&she=2 ( act=category&op=shang ) 
ERR: Db Error: Unknown column 'goods_salenum' in 'order clause'
SELECT * FROM `wteflhvr_ouxiang`.`shopnc_goods_sheji` ORDER BY goods_salenum desc LIMIT 0,16  
