[2015-10-15 05:54:47] /shop/ ( act=index&op=index ) 
ERR: Db Error: You have an error in your SQL syntax; check the manual that corresponds to your MySQL server version for the right syntax to use near 'LIMIT 1' at line 1
SELECT count_images FROM `wteflhvr_ouxiang`.`shopnc_count` WHERE count_id= LIMIT 1  
[2015-10-15 05:57:58] /shop/ ( act=index&op=index ) 
ERR: Db Error: You have an error in your SQL syntax; check the manual that corresponds to your MySQL server version for the right syntax to use near 'LIMIT 1' at line 1
SELECT count_images FROM `wteflhvr_ouxiang`.`shopnc_count` WHERE count_id= LIMIT 1  
[2015-10-15 05:58:28] /shop/ ( act=index&op=index ) 
ERR: Db Error: You have an error in your SQL syntax; check the manual that corresponds to your MySQL server version for the right syntax to use near 'LIMIT 1' at line 1
SELECT count_images FROM `wteflhvr_ouxiang`.`shopnc_count` WHERE count_id= LIMIT 1  
[2015-10-15 05:58:57] /shop/ ( act=index&op=index ) 
ERR: Db Error: You have an error in your SQL syntax; check the manual that corresponds to your MySQL server version for the right syntax to use near 'LIMIT 1' at line 1
SELECT count_images FROM `wteflhvr_ouxiang`.`shopnc_count` WHERE count_id= LIMIT 1  
[2015-10-15 05:59:01] /shop/ ( act=index&op=index ) 
ERR: Db Error: You have an error in your SQL syntax; check the manual that corresponds to your MySQL server version for the right syntax to use near 'LIMIT 1' at line 1
SELECT count_images FROM `wteflhvr_ouxiang`.`shopnc_count` WHERE count_id= LIMIT 1  
[2015-10-15 15:55:24] /shop/index.php?act=member_snsindex&op=yuan ( act=member_snsindex&op=yuan ) 
ERR: Db Error: You have an error in your SQL syntax; check the manual that corresponds to your MySQL server version for the right syntax to use near 'limit = '9' ) ORDER BY add_time desc LIMIT 1000' at line 1
SELECT * FROM `wteflhvr_ouxiang`.`shopnc_yuan` WHERE ( member_id = '13' ) AND ( limit = '9' ) ORDER BY add_time desc LIMIT 1000  
[2015-10-15 15:56:10] /shop/index.php?act=member_snsindex&op=yuan ( act=member_snsindex&op=yuan ) 
ERR: Db Error: You have an error in your SQL syntax; check the manual that corresponds to your MySQL server version for the right syntax to use near 'limit = '9' ) ORDER BY add_time desc LIMIT 1000' at line 1
SELECT * FROM `wteflhvr_ouxiang`.`shopnc_yuan` WHERE ( member_id = '13' ) AND ( limit = '9' ) ORDER BY add_time desc LIMIT 1000  
[2015-10-15 15:56:16] /shop/index.php?act=member_snsindex&op=yuan ( act=member_snsindex&op=yuan ) 
ERR: Db Error: You have an error in your SQL syntax; check the manual that corresponds to your MySQL server version for the right syntax to use near 'limit = '9' ) ORDER BY add_time desc LIMIT 1000' at line 1
SELECT * FROM `wteflhvr_ouxiang`.`shopnc_yuan` WHERE ( member_id = '13' ) AND ( limit = '9' ) ORDER BY add_time desc LIMIT 1000  
[2015-10-15 15:57:31] /shop/index.php?act=member_snsindex&op=yuan ( act=member_snsindex&op=yuan ) 
ERR: Db Error: You have an error in your SQL syntax; check the manual that corresponds to your MySQL server version for the right syntax to use near 'limit = '9' ) ORDER BY add_time desc LIMIT 1000' at line 1
SELECT * FROM `wteflhvr_ouxiang`.`shopnc_yuan` WHERE ( member_id = '13' ) AND ( limit = '9' ) ORDER BY add_time desc LIMIT 1000  
[2015-10-15 16:13:50] /shop/index.php?act=member_snsindex&op=yuan ( act=member_snsindex&op=yuan ) 
ERR: Db Error: You have an error in your SQL syntax; check the manual that corresponds to your MySQL server version for the right syntax to use near 'limit = '9' ) ORDER BY add_time desc LIMIT 1000' at line 1
SELECT * FROM `wteflhvr_ouxiang`.`shopnc_yuan` WHERE ( member_id = '19' ) AND ( limit = '9' ) ORDER BY add_time desc LIMIT 1000  
[2015-10-15 16:46:46] /shop/index.php?act=member_snsindex&op=yuan ( act=member_snsindex&op=yuan ) 
ERR: Db Error: You have an error in your SQL syntax; check the manual that corresponds to your MySQL server version for the right syntax to use near 'limit = '9' ) ORDER BY add_time desc LIMIT 1000' at line 1
SELECT * FROM `wteflhvr_ouxiang`.`shopnc_yuan` WHERE ( member_id = '19' ) AND ( limit = '9' ) ORDER BY add_time desc LIMIT 1000  
[2015-10-15 16:46:50] /shop/index.php?act=member_snsindex&op=yuan ( act=member_snsindex&op=yuan ) 
ERR: Db Error: You have an error in your SQL syntax; check the manual that corresponds to your MySQL server version for the right syntax to use near 'limit = '9' ) ORDER BY add_time desc LIMIT 1000' at line 1
SELECT * FROM `wteflhvr_ouxiang`.`shopnc_yuan` WHERE ( member_id = '19' ) AND ( limit = '9' ) ORDER BY add_time desc LIMIT 1000  
[2015-10-15 16:46:53] /shop/index.php?act=member_snsindex&op=yuan ( act=member_snsindex&op=yuan ) 
ERR: Db Error: You have an error in your SQL syntax; check the manual that corresponds to your MySQL server version for the right syntax to use near 'limit = '9' ) ORDER BY add_time desc LIMIT 1000' at line 1
SELECT * FROM `wteflhvr_ouxiang`.`shopnc_yuan` WHERE ( member_id = '19' ) AND ( limit = '9' ) ORDER BY add_time desc LIMIT 1000  
[2015-10-15 16:46:58] /shop/index.php?act=member_snsindex&op=yuan ( act=member_snsindex&op=yuan ) 
ERR: Db Error: You have an error in your SQL syntax; check the manual that corresponds to your MySQL server version for the right syntax to use near 'limit = '9' ) ORDER BY add_time desc LIMIT 1000' at line 1
SELECT * FROM `wteflhvr_ouxiang`.`shopnc_yuan` WHERE ( member_id = '19' ) AND ( limit = '9' ) ORDER BY add_time desc LIMIT 1000  
[2015-10-15 16:46:59] /shop/index.php?act=member_snsindex&op=yuan ( act=member_snsindex&op=yuan ) 
ERR: Db Error: You have an error in your SQL syntax; check the manual that corresponds to your MySQL server version for the right syntax to use near 'limit = '9' ) ORDER BY add_time desc LIMIT 1000' at line 1
SELECT * FROM `wteflhvr_ouxiang`.`shopnc_yuan` WHERE ( member_id = '19' ) AND ( limit = '9' ) ORDER BY add_time desc LIMIT 1000  
[2015-10-15 17:34:34] /shop/index.php?act=member_snsindex&op=yuan ( act=member_snsindex&op=yuan ) 
ERR: Db Error: You have an error in your SQL syntax; check the manual that corresponds to your MySQL server version for the right syntax to use near 'limit = '9' ) ORDER BY add_time desc LIMIT 1000' at line 1
SELECT * FROM `wteflhvr_ouxiang`.`shopnc_yuan` WHERE ( member_id = '19' ) AND ( limit = '9' ) ORDER BY add_time desc LIMIT 1000  
[2015-10-15 17:34:37] /shop/index.php?act=member_snsindex&op=yuan ( act=member_snsindex&op=yuan ) 
ERR: Db Error: You have an error in your SQL syntax; check the manual that corresponds to your MySQL server version for the right syntax to use near 'limit = '9' ) ORDER BY add_time desc LIMIT 1000' at line 1
SELECT * FROM `wteflhvr_ouxiang`.`shopnc_yuan` WHERE ( member_id = '19' ) AND ( limit = '9' ) ORDER BY add_time desc LIMIT 1000  
[2015-10-15 17:34:39] /shop/index.php?act=member_snsindex&op=yuan ( act=member_snsindex&op=yuan ) 
ERR: Db Error: You have an error in your SQL syntax; check the manual that corresponds to your MySQL server version for the right syntax to use near 'limit = '9' ) ORDER BY add_time desc LIMIT 1000' at line 1
SELECT * FROM `wteflhvr_ouxiang`.`shopnc_yuan` WHERE ( member_id = '19' ) AND ( limit = '9' ) ORDER BY add_time desc LIMIT 1000  
[2015-10-15 17:34:44] /shop/index.php?act=member_snsindex&op=yuan ( act=member_snsindex&op=yuan ) 
ERR: Db Error: You have an error in your SQL syntax; check the manual that corresponds to your MySQL server version for the right syntax to use near 'limit = '9' ) ORDER BY add_time desc LIMIT 1000' at line 1
SELECT * FROM `wteflhvr_ouxiang`.`shopnc_yuan` WHERE ( member_id = '19' ) AND ( limit = '9' ) ORDER BY add_time desc LIMIT 1000  
[2015-10-15 17:34:47] /shop/index.php?act=member_snsindex&op=yuan ( act=member_snsindex&op=yuan ) 
ERR: Db Error: You have an error in your SQL syntax; check the manual that corresponds to your MySQL server version for the right syntax to use near 'limit = '9' ) ORDER BY add_time desc LIMIT 1000' at line 1
SELECT * FROM `wteflhvr_ouxiang`.`shopnc_yuan` WHERE ( member_id = '19' ) AND ( limit = '9' ) ORDER BY add_time desc LIMIT 1000  
[2015-10-15 17:34:51] /shop/index.php?act=member_snsindex&op=yuan ( act=member_snsindex&op=yuan ) 
ERR: Db Error: You have an error in your SQL syntax; check the manual that corresponds to your MySQL server version for the right syntax to use near 'limit = '9' ) ORDER BY add_time desc LIMIT 1000' at line 1
SELECT * FROM `wteflhvr_ouxiang`.`shopnc_yuan` WHERE ( member_id = '19' ) AND ( limit = '9' ) ORDER BY add_time desc LIMIT 1000  
[2015-10-15 17:34:53] /shop/index.php?act=member_snsindex&op=yuan ( act=member_snsindex&op=yuan ) 
ERR: Db Error: You have an error in your SQL syntax; check the manual that corresponds to your MySQL server version for the right syntax to use near 'limit = '9' ) ORDER BY add_time desc LIMIT 1000' at line 1
SELECT * FROM `wteflhvr_ouxiang`.`shopnc_yuan` WHERE ( member_id = '19' ) AND ( limit = '9' ) ORDER BY add_time desc LIMIT 1000  
[2015-10-15 17:34:55] /shop/index.php?act=member_snsindex&op=yuan ( act=member_snsindex&op=yuan ) 
ERR: Db Error: You have an error in your SQL syntax; check the manual that corresponds to your MySQL server version for the right syntax to use near 'limit = '9' ) ORDER BY add_time desc LIMIT 1000' at line 1
SELECT * FROM `wteflhvr_ouxiang`.`shopnc_yuan` WHERE ( member_id = '19' ) AND ( limit = '9' ) ORDER BY add_time desc LIMIT 1000  
[2015-10-15 17:34:56] /shop/index.php?act=member_snsindex&op=yuan ( act=member_snsindex&op=yuan ) 
ERR: Db Error: You have an error in your SQL syntax; check the manual that corresponds to your MySQL server version for the right syntax to use near 'limit = '9' ) ORDER BY add_time desc LIMIT 1000' at line 1
SELECT * FROM `wteflhvr_ouxiang`.`shopnc_yuan` WHERE ( member_id = '19' ) AND ( limit = '9' ) ORDER BY add_time desc LIMIT 1000  
[2015-10-15 17:34:58] /shop/index.php?act=member_snsindex&op=yuan ( act=member_snsindex&op=yuan ) 
ERR: Db Error: You have an error in your SQL syntax; check the manual that corresponds to your MySQL server version for the right syntax to use near 'limit = '9' ) ORDER BY add_time desc LIMIT 1000' at line 1
SELECT * FROM `wteflhvr_ouxiang`.`shopnc_yuan` WHERE ( member_id = '19' ) AND ( limit = '9' ) ORDER BY add_time desc LIMIT 1000  
[2015-10-15 17:39:37] /shop/index.php?act=member_snsindex&op=yuan ( act=member_snsindex&op=yuan ) 
ERR: Db Error: You have an error in your SQL syntax; check the manual that corresponds to your MySQL server version for the right syntax to use near 'limit = '9' ) ORDER BY add_time desc LIMIT 1000' at line 1
SELECT * FROM `wteflhvr_ouxiang`.`shopnc_yuan` WHERE ( member_id = '19' ) AND ( limit = '9' ) ORDER BY add_time desc LIMIT 1000  
[2015-10-15 17:39:39] /shop/index.php?act=member_snsindex&op=yuan ( act=member_snsindex&op=yuan ) 
ERR: Db Error: You have an error in your SQL syntax; check the manual that corresponds to your MySQL server version for the right syntax to use near 'limit = '9' ) ORDER BY add_time desc LIMIT 1000' at line 1
SELECT * FROM `wteflhvr_ouxiang`.`shopnc_yuan` WHERE ( member_id = '19' ) AND ( limit = '9' ) ORDER BY add_time desc LIMIT 1000  
[2015-10-15 17:41:33] /shop/index.php?act=member_snsindex&op=yuan ( act=member_snsindex&op=yuan ) 
ERR: Db Error: You have an error in your SQL syntax; check the manual that corresponds to your MySQL server version for the right syntax to use near 'limit = '9' ) ORDER BY add_time desc LIMIT 1000' at line 1
SELECT * FROM `wteflhvr_ouxiang`.`shopnc_yuan` WHERE ( member_id = '19' ) AND ( limit = '9' ) ORDER BY add_time desc LIMIT 1000  
[2015-10-15 18:45:55] /shop/index.php?act=member_snsindex&op=yuan ( act=member_snsindex&op=yuan ) 
ERR: Db Error: You have an error in your SQL syntax; check the manual that corresponds to your MySQL server version for the right syntax to use near 'limit = '9' ) ORDER BY add_time desc LIMIT 1000' at line 1
SELECT * FROM `wteflhvr_ouxiang`.`shopnc_yuan` WHERE ( member_id = '16' ) AND ( limit = '9' ) ORDER BY add_time desc LIMIT 1000  
[2015-10-15 18:55:04] /shop/index.php?act=member_snsindex&op=yuan ( act=member_snsindex&op=yuan ) 
ERR: Db Error: You have an error in your SQL syntax; check the manual that corresponds to your MySQL server version for the right syntax to use near 'limit = '9' ) ORDER BY add_time desc LIMIT 1000' at line 1
SELECT * FROM `wteflhvr_ouxiang`.`shopnc_yuan` WHERE ( member_id = '20' ) AND ( limit = '9' ) ORDER BY add_time desc LIMIT 1000  
[2015-10-15 18:55:31] /shop/index.php?act=member_snsindex&op=yuan ( act=member_snsindex&op=yuan ) 
ERR: Db Error: You have an error in your SQL syntax; check the manual that corresponds to your MySQL server version for the right syntax to use near 'limit = '9' ) ORDER BY add_time desc LIMIT 1000' at line 1
SELECT * FROM `wteflhvr_ouxiang`.`shopnc_yuan` WHERE ( member_id = '20' ) AND ( limit = '9' ) ORDER BY add_time desc LIMIT 1000  
[2015-10-15 19:09:12] /shop/index.php?act=member_snsindex&op=yuan ( act=member_snsindex&op=yuan ) 
ERR: Db Error: You have an error in your SQL syntax; check the manual that corresponds to your MySQL server version for the right syntax to use near 'limit = '9' ) ORDER BY add_time desc LIMIT 1000' at line 1
SELECT * FROM `wteflhvr_ouxiang`.`shopnc_yuan` WHERE ( member_id = '20' ) AND ( limit = '9' ) ORDER BY add_time desc LIMIT 1000  
[2015-10-15 19:14:40] /shop/index.php?act=member_snsindex&op=yuan ( act=member_snsindex&op=yuan ) 
ERR: Db Error: You have an error in your SQL syntax; check the manual that corresponds to your MySQL server version for the right syntax to use near 'limit = '9' ) ORDER BY add_time desc LIMIT 1000' at line 1
SELECT * FROM `wteflhvr_ouxiang`.`shopnc_yuan` WHERE ( member_id = '20' ) AND ( limit = '9' ) ORDER BY add_time desc LIMIT 1000  
[2015-10-15 19:16:34] /shop/index.php?act=member_snsindex&op=yuan ( act=member_snsindex&op=yuan ) 
ERR: Db Error: You have an error in your SQL syntax; check the manual that corresponds to your MySQL server version for the right syntax to use near 'limit = '9' ) ORDER BY add_time desc LIMIT 1000' at line 1
SELECT * FROM `wteflhvr_ouxiang`.`shopnc_yuan` WHERE ( member_id = '20' ) AND ( limit = '9' ) ORDER BY add_time desc LIMIT 1000  
